<?xml version="1.0" encoding="UTF-8"?>
<coverage generated="1642706391489" clover="3.2.0">
  <project timestamp="1642706391490" name="All files">
    <metrics statements="206" coveredstatements="169" conditionals="67" coveredconditionals="53" methods="31" coveredmethods="28" elements="304" coveredelements="250" complexity="0" loc="206" ncloc="206" packages="1" files="3" classes="3"/>
    <file name="db.js" path="/Users/alari/Documents/GitHub/prediction-hero/be/db.js">
      <metrics statements="2" coveredstatements="2" conditionals="0" coveredconditionals="0" methods="0" coveredmethods="0"/>
      <line num="2" count="1" type="stmt"/>
      <line num="4" count="1" type="stmt"/>
    </file>
    <file name="log.js" path="/Users/alari/Documents/GitHub/prediction-hero/be/log.js">
      <metrics statements="19" coveredstatements="19" conditionals="16" coveredconditionals="10" methods="7" coveredmethods="7"/>
      <line num="2" count="2" type="stmt"/>
      <line num="4" count="1" type="stmt"/>
      <line num="7" count="206" type="stmt"/>
      <line num="10" count="1" type="stmt"/>
      <line num="13" count="1" type="stmt"/>
      <line num="18" count="409" type="cond" truecount="2" falsecount="0"/>
      <line num="19" count="1" type="stmt"/>
      <line num="24" count="210" type="stmt"/>
      <line num="25" count="210" type="cond" truecount="1" falsecount="1"/>
      <line num="26" count="210" type="cond" truecount="1" falsecount="1"/>
      <line num="27" count="210" type="cond" truecount="1" falsecount="1"/>
      <line num="28" count="210" type="cond" truecount="1" falsecount="3"/>
      <line num="29" count="210" type="stmt"/>
      <line num="30" count="210" type="stmt"/>
      <line num="33" count="209" type="stmt"/>
      <line num="34" count="209" type="cond" truecount="2" falsecount="0"/>
      <line num="35" count="209" type="cond" truecount="2" falsecount="0"/>
      <line num="36" count="209" type="stmt"/>
      <line num="37" count="209" type="stmt"/>
    </file>
    <file name="main.js" path="/Users/alari/Documents/GitHub/prediction-hero/be/main.js">
      <metrics statements="185" coveredstatements="148" conditionals="51" coveredconditionals="43" methods="24" coveredmethods="21"/>
      <line num="2" count="1" type="stmt"/>
      <line num="4" count="1" type="stmt"/>
      <line num="12" count="1" type="stmt"/>
      <line num="14" count="1" type="stmt"/>
      <line num="29" count="1" type="stmt"/>
      <line num="33" count="1" type="stmt"/>
      <line num="34" count="0" type="stmt"/>
      <line num="35" count="0" type="stmt"/>
      <line num="37" count="0" type="stmt"/>
      <line num="44" count="1" type="stmt"/>
      <line num="45" count="2" type="stmt"/>
      <line num="46" count="2" type="stmt"/>
      <line num="47" count="2" type="cond" truecount="8" falsecount="0"/>
      <line num="48" count="2" type="stmt"/>
      <line num="49" count="2" type="stmt"/>
      <line num="50" count="2" type="stmt"/>
      <line num="52" count="2" type="stmt"/>
      <line num="54" count="2" type="stmt"/>
      <line num="59" count="2" type="cond" truecount="1" falsecount="1"/>
      <line num="61" count="0" type="stmt"/>
      <line num="66" count="0" type="stmt"/>
      <line num="68" count="2" type="stmt"/>
      <line num="73" count="0" type="stmt"/>
      <line num="77" count="1" type="stmt"/>
      <line num="78" count="3" type="stmt"/>
      <line num="79" count="3" type="cond" truecount="8" falsecount="0"/>
      <line num="80" count="3" type="stmt"/>
      <line num="84" count="3" type="stmt"/>
      <line num="85" count="3" type="stmt"/>
      <line num="86" count="3" type="stmt"/>
      <line num="88" count="3" type="stmt"/>
      <line num="93" count="3" type="cond" truecount="1" falsecount="1"/>
      <line num="94" count="3" type="stmt"/>
      <line num="98" count="3" type="stmt"/>
      <line num="101" count="0" type="stmt"/>
      <line num="106" count="0" type="stmt"/>
      <line num="111" count="0" type="stmt"/>
      <line num="117" count="1" type="stmt"/>
      <line num="118" count="3" type="stmt"/>
      <line num="119" count="3" type="stmt"/>
      <line num="120" count="3" type="stmt"/>
      <line num="121" count="3" type="cond" truecount="2" falsecount="0"/>
      <line num="122" count="3" type="stmt"/>
      <line num="124" count="3" type="stmt"/>
      <line num="125" count="3" type="stmt"/>
      <line num="127" count="3" type="stmt"/>
      <line num="132" count="3" type="cond" truecount="1" falsecount="1"/>
      <line num="133" count="3" type="stmt"/>
      <line num="134" count="3" type="stmt"/>
      <line num="136" count="0" type="stmt"/>
      <line num="137" count="0" type="stmt"/>
      <line num="138" count="0" type="stmt"/>
      <line num="141" count="0" type="stmt"/>
      <line num="146" count="1" type="stmt"/>
      <line num="147" count="2" type="stmt"/>
      <line num="148" count="2" type="stmt"/>
      <line num="149" count="2" type="stmt"/>
      <line num="154" count="2" type="stmt"/>
      <line num="156" count="0" type="stmt"/>
      <line num="162" count="1" type="stmt"/>
      <line num="163" count="2" type="stmt"/>
      <line num="164" count="2" type="stmt"/>
      <line num="166" count="2" type="stmt"/>
      <line num="168" count="0" type="stmt"/>
      <line num="174" count="1" type="stmt"/>
      <line num="175" count="2" type="stmt"/>
      <line num="176" count="2" type="stmt"/>
      <line num="178" count="2" type="stmt"/>
      <line num="180" count="0" type="stmt"/>
      <line num="185" count="1" type="stmt"/>
      <line num="186" count="2" type="stmt"/>
      <line num="187" count="2" type="stmt"/>
      <line num="189" count="2" type="stmt"/>
      <line num="191" count="0" type="stmt"/>
      <line num="196" count="1" type="stmt"/>
      <line num="197" count="2" type="stmt"/>
      <line num="198" count="2" type="stmt"/>
      <line num="199" count="2" type="cond" truecount="1" falsecount="0"/>
      <line num="201" count="2" type="stmt"/>
      <line num="203" count="2" type="stmt"/>
      <line num="208" count="2" type="stmt"/>
      <line num="210" count="0" type="stmt"/>
      <line num="215" count="1" type="stmt"/>
      <line num="216" count="2" type="stmt"/>
      <line num="217" count="2" type="stmt"/>
      <line num="218" count="2" type="stmt"/>
      <line num="220" count="2" type="stmt"/>
      <line num="225" count="2" type="stmt"/>
      <line num="227" count="0" type="stmt"/>
      <line num="232" count="1" type="stmt"/>
      <line num="233" count="2" type="stmt"/>
      <line num="234" count="2" type="stmt"/>
      <line num="235" count="2" type="stmt"/>
      <line num="237" count="2" type="stmt"/>
      <line num="242" count="2" type="stmt"/>
      <line num="244" count="0" type="stmt"/>
      <line num="250" count="1" type="stmt"/>
      <line num="251" count="1" type="stmt"/>
      <line num="252" count="1" type="stmt"/>
      <line num="254" count="1" type="stmt"/>
      <line num="255" count="1" type="stmt"/>
      <line num="256" count="1" type="stmt"/>
      <line num="259" count="1" type="stmt"/>
      <line num="260" count="1" type="stmt"/>
      <line num="261" count="5" type="stmt"/>
      <line num="262" count="5" type="stmt"/>
      <line num="263" count="5" type="stmt"/>
      <line num="267" count="5" type="cond" truecount="1" falsecount="1"/>
      <line num="268" count="5" type="stmt"/>
      <line num="269" count="5" type="stmt"/>
      <line num="270" count="5" type="stmt"/>
      <line num="274" count="5" type="stmt"/>
      <line num="276" count="0" type="stmt"/>
      <line num="278" count="0" type="stmt"/>
      <line num="282" count="0" type="stmt"/>
      <line num="285" count="1" type="stmt"/>
      <line num="287" count="0" type="stmt"/>
      <line num="293" count="1" type="stmt"/>
      <line num="294" count="1" type="stmt"/>
      <line num="297" count="1" type="stmt"/>
      <line num="299" count="1" type="stmt"/>
      <line num="300" count="1" type="stmt"/>
      <line num="301" count="1" type="stmt"/>
      <line num="302" count="1" type="stmt"/>
      <line num="303" count="1" type="stmt"/>
      <line num="304" count="1" type="stmt"/>
      <line num="305" count="1" type="stmt"/>
      <line num="306" count="5" type="stmt"/>
      <line num="307" count="5" type="stmt"/>
      <line num="308" count="5" type="stmt"/>
      <line num="312" count="5" type="stmt"/>
      <line num="313" count="5" type="stmt"/>
      <line num="317" count="5" type="stmt"/>
      <line num="321" count="1" type="stmt"/>
      <line num="322" count="1" type="stmt"/>
      <line num="323" count="1" type="stmt"/>
      <line num="324" count="5" type="stmt"/>
      <line num="325" count="5" type="stmt"/>
      <line num="326" count="5" type="stmt"/>
      <line num="327" count="11" type="stmt"/>
      <line num="328" count="11" type="stmt"/>
      <line num="329" count="11" type="stmt"/>
      <line num="333" count="10" type="stmt"/>
      <line num="334" count="10" type="stmt"/>
      <line num="335" count="10" type="stmt"/>
      <line num="338" count="10" type="stmt"/>
      <line num="339" count="10" type="stmt"/>
      <line num="340" count="10" type="stmt"/>
      <line num="341" count="10" type="stmt"/>
      <line num="342" count="10" type="cond" truecount="2" falsecount="0"/>
      <line num="343" count="7" type="stmt"/>
      <line num="345" count="10" type="stmt"/>
      <line num="346" count="10" type="cond" truecount="2" falsecount="2"/>
      <line num="348" count="0" type="stmt"/>
      <line num="349" count="0" type="stmt"/>
      <line num="350" count="10" type="cond" truecount="5" falsecount="1"/>
      <line num="354" count="2" type="stmt"/>
      <line num="355" count="2" type="stmt"/>
      <line num="356" count="8" type="cond" truecount="7" falsecount="1"/>
      <line num="362" count="3" type="stmt"/>
      <line num="363" count="3" type="stmt"/>
      <line num="366" count="4" type="stmt"/>
      <line num="367" count="4" type="stmt"/>
      <line num="368" count="4" type="stmt"/>
      <line num="369" count="12" type="stmt"/>
      <line num="370" count="12" type="cond" truecount="2" falsecount="0"/>
      <line num="371" count="9" type="stmt"/>
      <line num="376" count="3" type="stmt"/>
      <line num="379" count="4" type="stmt"/>
      <line num="380" count="4" type="cond" truecount="2" falsecount="0"/>
      <line num="381" count="1" type="stmt"/>
      <line num="382" count="1" type="stmt"/>
      <line num="390" count="0" type="stmt"/>
      <line num="397" count="1" type="stmt"/>
      <line num="398" count="0" type="stmt"/>
      <line num="399" count="0" type="stmt"/>
      <line num="400" count="0" type="stmt"/>
      <line num="402" count="0" type="stmt"/>
      <line num="404" count="0" type="stmt"/>
      <line num="410" count="1" type="stmt"/>
      <line num="411" count="0" type="stmt"/>
      <line num="412" count="0" type="stmt"/>
      <line num="413" count="0" type="stmt"/>
      <line num="418" count="0" type="stmt"/>
      <line num="420" count="0" type="stmt"/>
    </file>
  </project>
</coverage>
