{"/Users/alari/Documents/GitHub/prediction-hero/be/db.js": {"path":"/Users/alari/Documents/GitHub/prediction-hero/be/db.js","statementMap":{"0":{"start":{"line":2,"column":13},"end":{"line":2,"column":20}},"1":{"start":{"line":4,"column":13},"end":{"line":10,"column":2}}},"fnMap":{},"branchMap":{},"s":{"0":1,"1":1},"f":{},"b":{},"_coverageSchema":"1a1c01bbd47fc00a2c39e90264f33305004495a9","hash":"396ae35de8a42829d095fb676746eacb31c0d9d5"}
,"/Users/alari/Documents/GitHub/prediction-hero/be/log.js": {"path":"/Users/alari/Documents/GitHub/prediction-hero/be/log.js","statementMap":{"0":{"start":{"line":2,"column":12},"end":{"line":15,"column":1}},"1":{"start":{"line":4,"column":8},"end":{"line":4,"column":36}},"2":{"start":{"line":7,"column":8},"end":{"line":7,"column":35}},"3":{"start":{"line":10,"column":8},"end":{"line":10,"column":38}},"4":{"start":{"line":13,"column":8},"end":{"line":13,"column":36}},"5":{"start":{"line":19,"column":13},"end":{"line":19,"column":23}},"6":{"start":{"line":20,"column":10},"end":{"line":20,"column":64}},"7":{"start":{"line":21,"column":10},"end":{"line":21,"column":70}},"8":{"start":{"line":22,"column":10},"end":{"line":22,"column":70}},"9":{"start":{"line":23,"column":11},"end":{"line":23,"column":141}},"10":{"start":{"line":24,"column":13},"end":{"line":24,"column":33}},"11":{"start":{"line":25,"column":4},"end":{"line":25,"column":16}},"12":{"start":{"line":28,"column":13},"end":{"line":28,"column":22}},"13":{"start":{"line":29,"column":4},"end":{"line":29,"column":57}},"14":{"start":{"line":29,"column":30},"end":{"line":29,"column":56}},"15":{"start":{"line":30,"column":4},"end":{"line":30,"column":32}},"16":{"start":{"line":30,"column":17},"end":{"line":30,"column":31}},"17":{"start":{"line":31,"column":4},"end":{"line":35,"column":6}},"18":{"start":{"line":32,"column":8},"end":{"line":34,"column":9}},"19":{"start":{"line":33,"column":12},"end":{"line":33,"column":36}},"20":{"start":{"line":36,"column":4},"end":{"line":40,"column":6}},"21":{"start":{"line":37,"column":8},"end":{"line":39,"column":9}},"22":{"start":{"line":38,"column":12},"end":{"line":38,"column":36}}},"fnMap":{"0":{"name":"(anonymous_0)","decl":{"start":{"line":3,"column":11},"end":{"line":3,"column":12}},"loc":{"start":{"line":3,"column":30},"end":{"line":5,"column":5}},"line":3},"1":{"name":"(anonymous_1)","decl":{"start":{"line":6,"column":10},"end":{"line":6,"column":11}},"loc":{"start":{"line":6,"column":29},"end":{"line":8,"column":5}},"line":6},"2":{"name":"(anonymous_2)","decl":{"start":{"line":9,"column":10},"end":{"line":9,"column":11}},"loc":{"start":{"line":9,"column":29},"end":{"line":11,"column":5}},"line":9},"3":{"name":"(anonymous_3)","decl":{"start":{"line":12,"column":11},"end":{"line":12,"column":12}},"loc":{"start":{"line":12,"column":30},"end":{"line":14,"column":5}},"line":12},"4":{"name":"getTime","decl":{"start":{"line":18,"column":9},"end":{"line":18,"column":16}},"loc":{"start":{"line":18,"column":18},"end":{"line":26,"column":1}},"line":18},"5":{"name":"writeLog","decl":{"start":{"line":27,"column":9},"end":{"line":27,"column":17}},"loc":{"start":{"line":27,"column":33},"end":{"line":41,"column":1}},"line":27},"6":{"name":"(anonymous_6)","decl":{"start":{"line":31,"column":99},"end":{"line":31,"column":100}},"loc":{"start":{"line":31,"column":112},"end":{"line":35,"column":5}},"line":31},"7":{"name":"(anonymous_7)","decl":{"start":{"line":36,"column":95},"end":{"line":36,"column":96}},"loc":{"start":{"line":36,"column":108},"end":{"line":40,"column":5}},"line":36}},"branchMap":{"0":{"loc":{"start":{"line":20,"column":10},"end":{"line":20,"column":64}},"type":"cond-expr","locations":[{"start":{"line":20,"column":29},"end":{"line":20,"column":48}},{"start":{"line":20,"column":49},"end":{"line":20,"column":64}}],"line":20},"1":{"loc":{"start":{"line":21,"column":10},"end":{"line":21,"column":70}},"type":"cond-expr","locations":[{"start":{"line":21,"column":31},"end":{"line":21,"column":52}},{"start":{"line":21,"column":53},"end":{"line":21,"column":70}}],"line":21},"2":{"loc":{"start":{"line":22,"column":10},"end":{"line":22,"column":70}},"type":"cond-expr","locations":[{"start":{"line":22,"column":31},"end":{"line":22,"column":52}},{"start":{"line":22,"column":53},"end":{"line":22,"column":70}}],"line":22},"3":{"loc":{"start":{"line":23,"column":11},"end":{"line":23,"column":141}},"type":"cond-expr","locations":[{"start":{"line":23,"column":38},"end":{"line":23,"column":118}},{"start":{"line":23,"column":119},"end":{"line":23,"column":141}}],"line":23},"4":{"loc":{"start":{"line":23,"column":38},"end":{"line":23,"column":118}},"type":"cond-expr","locations":[{"start":{"line":23,"column":64},"end":{"line":23,"column":91}},{"start":{"line":23,"column":92},"end":{"line":23,"column":118}}],"line":23},"5":{"loc":{"start":{"line":29,"column":4},"end":{"line":29,"column":57}},"type":"if","locations":[{"start":{"line":29,"column":4},"end":{"line":29,"column":57}},{"start":{},"end":{}}],"line":29},"6":{"loc":{"start":{"line":30,"column":4},"end":{"line":30,"column":32}},"type":"if","locations":[{"start":{"line":30,"column":4},"end":{"line":30,"column":32}},{"start":{},"end":{}}],"line":30},"7":{"loc":{"start":{"line":32,"column":8},"end":{"line":34,"column":9}},"type":"if","locations":[{"start":{"line":32,"column":8},"end":{"line":34,"column":9}},{"start":{},"end":{}}],"line":32},"8":{"loc":{"start":{"line":37,"column":8},"end":{"line":39,"column":9}},"type":"if","locations":[{"start":{"line":37,"column":8},"end":{"line":39,"column":9}},{"start":{},"end":{}}],"line":37}},"s":{"0":2,"1":1,"2":3,"3":1,"4":1,"5":6,"6":6,"7":6,"8":6,"9":6,"10":6,"11":6,"12":6,"13":6,"14":4,"15":6,"16":4,"17":6,"18":2,"19":0,"20":6,"21":2,"22":0},"f":{"0":1,"1":3,"2":1,"3":1,"4":6,"5":6,"6":2,"7":2},"b":{"0":[0,6],"1":[0,6],"2":[6,0],"3":[0,6],"4":[0,0],"5":[4,2],"6":[4,2],"7":[0,2],"8":[0,2]},"_coverageSchema":"1a1c01bbd47fc00a2c39e90264f33305004495a9","hash":"77b7db0aa6657daf495ba889238caf4863c0e58b"}
,"/Users/alari/Documents/GitHub/prediction-hero/be/main.js": {"path":"/Users/alari/Documents/GitHub/prediction-hero/be/main.js","statementMap":{"0":{"start":{"line":2,"column":10},"end":{"line":2,"column":19}},"1":{"start":{"line":4,"column":18},"end":{"line":4,"column":40}},"2":{"start":{"line":12,"column":0},"end":{"line":12,"column":23}},"3":{"start":{"line":14,"column":17},"end":{"line":27,"column":1}},"4":{"start":{"line":29,"column":0},"end":{"line":29,"column":24}},"5":{"start":{"line":33,"column":0},"end":{"line":39,"column":2}},"6":{"start":{"line":34,"column":2},"end":{"line":38,"column":3}},"7":{"start":{"line":35,"column":6},"end":{"line":35,"column":28}},"8":{"start":{"line":37,"column":4},"end":{"line":37,"column":22}},"9":{"start":{"line":44,"column":0},"end":{"line":77,"column":2}},"10":{"start":{"line":45,"column":2},"end":{"line":76,"column":3}},"11":{"start":{"line":46,"column":4},"end":{"line":46,"column":30}},"12":{"start":{"line":47,"column":118},"end":{"line":47,"column":126}},"13":{"start":{"line":48,"column":4},"end":{"line":48,"column":26}},"14":{"start":{"line":49,"column":4},"end":{"line":49,"column":26}},"15":{"start":{"line":50,"column":4},"end":{"line":50,"column":27}},"16":{"start":{"line":52,"column":15},"end":{"line":52,"column":64}},"17":{"start":{"line":53,"column":4},"end":{"line":53,"column":35}},"18":{"start":{"line":54,"column":4},"end":{"line":54,"column":34}},"19":{"start":{"line":56,"column":17},"end":{"line":59,"column":5}},"20":{"start":{"line":61,"column":4},"end":{"line":71,"column":5}},"21":{"start":{"line":63,"column":27},"end":{"line":66,"column":7}},"22":{"start":{"line":68,"column":8},"end":{"line":68,"column":39}},"23":{"start":{"line":70,"column":6},"end":{"line":70,"column":81}},"24":{"start":{"line":75,"column":4},"end":{"line":75,"column":22}},"25":{"start":{"line":79,"column":0},"end":{"line":115,"column":2}},"26":{"start":{"line":80,"column":2},"end":{"line":114,"column":3}},"27":{"start":{"line":81,"column":156},"end":{"line":81,"column":164}},"28":{"start":{"line":82,"column":4},"end":{"line":82,"column":25}},"29":{"start":{"line":86,"column":15},"end":{"line":86,"column":68}},"30":{"start":{"line":87,"column":4},"end":{"line":87,"column":39}},"31":{"start":{"line":88,"column":4},"end":{"line":88,"column":38}},"32":{"start":{"line":90,"column":17},"end":{"line":93,"column":5}},"33":{"start":{"line":95,"column":4},"end":{"line":109,"column":5}},"34":{"start":{"line":96,"column":25},"end":{"line":99,"column":7}},"35":{"start":{"line":100,"column":6},"end":{"line":100,"column":76}},"36":{"start":{"line":103,"column":27},"end":{"line":106,"column":7}},"37":{"start":{"line":108,"column":6},"end":{"line":108,"column":37}},"38":{"start":{"line":113,"column":4},"end":{"line":113,"column":22}},"39":{"start":{"line":119,"column":0},"end":{"line":145,"column":2}},"40":{"start":{"line":120,"column":2},"end":{"line":144,"column":3}},"41":{"start":{"line":121,"column":4},"end":{"line":121,"column":40}},"42":{"start":{"line":122,"column":4},"end":{"line":122,"column":31}},"43":{"start":{"line":123,"column":31},"end":{"line":123,"column":39}},"44":{"start":{"line":124,"column":4},"end":{"line":124,"column":25}},"45":{"start":{"line":126,"column":15},"end":{"line":126,"column":68}},"46":{"start":{"line":127,"column":4},"end":{"line":127,"column":39}},"47":{"start":{"line":129,"column":17},"end":{"line":132,"column":5}},"48":{"start":{"line":134,"column":4},"end":{"line":141,"column":5}},"49":{"start":{"line":135,"column":6},"end":{"line":135,"column":49}},"50":{"start":{"line":136,"column":6},"end":{"line":136,"column":76}},"51":{"start":{"line":138,"column":6},"end":{"line":138,"column":56}},"52":{"start":{"line":139,"column":6},"end":{"line":139,"column":30}},"53":{"start":{"line":140,"column":6},"end":{"line":140,"column":84}},"54":{"start":{"line":143,"column":4},"end":{"line":143,"column":27}},"55":{"start":{"line":148,"column":0},"end":{"line":160,"column":2}},"56":{"start":{"line":149,"column":2},"end":{"line":159,"column":3}},"57":{"start":{"line":150,"column":19},"end":{"line":150,"column":29}},"58":{"start":{"line":151,"column":17},"end":{"line":154,"column":5}},"59":{"start":{"line":156,"column":6},"end":{"line":156,"column":29}},"60":{"start":{"line":158,"column":4},"end":{"line":158,"column":22}},"61":{"start":{"line":164,"column":0},"end":{"line":172,"column":2}},"62":{"start":{"line":165,"column":2},"end":{"line":171,"column":3}},"63":{"start":{"line":166,"column":17},"end":{"line":166,"column":56}},"64":{"start":{"line":168,"column":6},"end":{"line":168,"column":26}},"65":{"start":{"line":170,"column":4},"end":{"line":170,"column":22}},"66":{"start":{"line":176,"column":0},"end":{"line":184,"column":2}},"67":{"start":{"line":177,"column":2},"end":{"line":183,"column":3}},"68":{"start":{"line":178,"column":20},"end":{"line":178,"column":61}},"69":{"start":{"line":180,"column":4},"end":{"line":180,"column":27}},"70":{"start":{"line":182,"column":4},"end":{"line":182,"column":22}},"71":{"start":{"line":187,"column":0},"end":{"line":195,"column":2}},"72":{"start":{"line":188,"column":2},"end":{"line":194,"column":3}},"73":{"start":{"line":189,"column":18},"end":{"line":189,"column":79}},"74":{"start":{"line":191,"column":6},"end":{"line":191,"column":27}},"75":{"start":{"line":193,"column":4},"end":{"line":193,"column":22}},"76":{"start":{"line":198,"column":0},"end":{"line":214,"column":2}},"77":{"start":{"line":199,"column":2},"end":{"line":213,"column":3}},"78":{"start":{"line":200,"column":19},"end":{"line":200,"column":29}},"79":{"start":{"line":201,"column":26},"end":{"line":201,"column":34}},"80":{"start":{"line":203,"column":15},"end":{"line":203,"column":71}},"81":{"start":{"line":205,"column":21},"end":{"line":208,"column":5}},"82":{"start":{"line":210,"column":6},"end":{"line":210,"column":35}},"83":{"start":{"line":212,"column":4},"end":{"line":212,"column":22}},"84":{"start":{"line":217,"column":0},"end":{"line":231,"column":2}},"85":{"start":{"line":218,"column":2},"end":{"line":230,"column":3}},"86":{"start":{"line":219,"column":19},"end":{"line":219,"column":29}},"87":{"start":{"line":220,"column":65},"end":{"line":220,"column":73}},"88":{"start":{"line":222,"column":23},"end":{"line":225,"column":5}},"89":{"start":{"line":227,"column":6},"end":{"line":227,"column":77}},"90":{"start":{"line":229,"column":4},"end":{"line":229,"column":22}},"91":{"start":{"line":234,"column":0},"end":{"line":248,"column":2}},"92":{"start":{"line":235,"column":2},"end":{"line":247,"column":3}},"93":{"start":{"line":236,"column":19},"end":{"line":236,"column":29}},"94":{"start":{"line":237,"column":28},"end":{"line":237,"column":36}},"95":{"start":{"line":239,"column":23},"end":{"line":242,"column":5}},"96":{"start":{"line":244,"column":6},"end":{"line":244,"column":72}},"97":{"start":{"line":246,"column":4},"end":{"line":246,"column":22}},"98":{"start":{"line":252,"column":0},"end":{"line":294,"column":2}},"99":{"start":{"line":253,"column":2},"end":{"line":293,"column":3}},"100":{"start":{"line":255,"column":23},"end":{"line":255,"column":33}},"101":{"start":{"line":257,"column":4},"end":{"line":257,"column":32}},"102":{"start":{"line":258,"column":4},"end":{"line":258,"column":37}},"103":{"start":{"line":260,"column":23},"end":{"line":260,"column":25}},"104":{"start":{"line":261,"column":4},"end":{"line":288,"column":6}},"105":{"start":{"line":262,"column":6},"end":{"line":262,"column":41}},"106":{"start":{"line":263,"column":6},"end":{"line":263,"column":43}},"107":{"start":{"line":265,"column":19},"end":{"line":268,"column":7}},"108":{"start":{"line":270,"column":6},"end":{"line":287,"column":7}},"109":{"start":{"line":271,"column":8},"end":{"line":271,"column":36}},"110":{"start":{"line":272,"column":8},"end":{"line":272,"column":184}},"111":{"start":{"line":273,"column":27},"end":{"line":276,"column":9}},"112":{"start":{"line":277,"column":8},"end":{"line":277,"column":53}},"113":{"start":{"line":280,"column":8},"end":{"line":280,"column":46}},"114":{"start":{"line":282,"column":29},"end":{"line":285,"column":9}},"115":{"start":{"line":286,"column":8},"end":{"line":286,"column":41}},"116":{"start":{"line":289,"column":4},"end":{"line":289,"column":82}},"117":{"start":{"line":292,"column":4},"end":{"line":292,"column":22}},"118":{"start":{"line":298,"column":0},"end":{"line":416,"column":2}},"119":{"start":{"line":299,"column":2},"end":{"line":415,"column":3}},"120":{"start":{"line":303,"column":4},"end":{"line":303,"column":25}},"121":{"start":{"line":305,"column":18},"end":{"line":305,"column":38}},"122":{"start":{"line":306,"column":27},"end":{"line":306,"column":29}},"123":{"start":{"line":307,"column":26},"end":{"line":307,"column":28}},"124":{"start":{"line":308,"column":19},"end":{"line":308,"column":21}},"125":{"start":{"line":309,"column":18},"end":{"line":309,"column":19}},"126":{"start":{"line":311,"column":4},"end":{"line":411,"column":6}},"127":{"start":{"line":312,"column":8},"end":{"line":312,"column":40}},"128":{"start":{"line":313,"column":8},"end":{"line":313,"column":37}},"129":{"start":{"line":315,"column":29},"end":{"line":318,"column":9}},"130":{"start":{"line":319,"column":8},"end":{"line":319,"column":91}},"131":{"start":{"line":321,"column":34},"end":{"line":324,"column":9}},"132":{"start":{"line":325,"column":8},"end":{"line":325,"column":60}},"133":{"start":{"line":330,"column":8},"end":{"line":330,"column":46}},"134":{"start":{"line":331,"column":8},"end":{"line":331,"column":37}},"135":{"start":{"line":333,"column":8},"end":{"line":410,"column":10}},"136":{"start":{"line":334,"column":12},"end":{"line":334,"column":42}},"137":{"start":{"line":335,"column":12},"end":{"line":335,"column":65}},"138":{"start":{"line":336,"column":12},"end":{"line":407,"column":14}},"139":{"start":{"line":337,"column":14},"end":{"line":337,"column":99}},"140":{"start":{"line":338,"column":14},"end":{"line":338,"column":64}},"141":{"start":{"line":340,"column":48},"end":{"line":343,"column":17}},"142":{"start":{"line":345,"column":40},"end":{"line":345,"column":85}},"143":{"start":{"line":346,"column":16},"end":{"line":346,"column":72}},"144":{"start":{"line":347,"column":16},"end":{"line":347,"column":92}},"145":{"start":{"line":351,"column":16},"end":{"line":351,"column":44}},"146":{"start":{"line":352,"column":16},"end":{"line":352,"column":86}},"147":{"start":{"line":353,"column":16},"end":{"line":353,"column":112}},"148":{"start":{"line":354,"column":16},"end":{"line":354,"column":57}},"149":{"start":{"line":355,"column":16},"end":{"line":357,"column":17}},"150":{"start":{"line":356,"column":18},"end":{"line":356,"column":98}},"151":{"start":{"line":359,"column":16},"end":{"line":359,"column":44}},"152":{"start":{"line":361,"column":16},"end":{"line":386,"column":17}},"153":{"start":{"line":364,"column":20},"end":{"line":364,"column":49}},"154":{"start":{"line":365,"column":20},"end":{"line":365,"column":155}},"155":{"start":{"line":368,"column":22},"end":{"line":386,"column":17}},"156":{"start":{"line":373,"column":20},"end":{"line":373,"column":74}},"157":{"start":{"line":374,"column":20},"end":{"line":374,"column":155}},"158":{"start":{"line":376,"column":22},"end":{"line":386,"column":17}},"159":{"start":{"line":383,"column":20},"end":{"line":383,"column":66}},"160":{"start":{"line":384,"column":20},"end":{"line":384,"column":155}},"161":{"start":{"line":389,"column":14},"end":{"line":389,"column":56}},"162":{"start":{"line":390,"column":14},"end":{"line":390,"column":42}},"163":{"start":{"line":392,"column":14},"end":{"line":406,"column":16}},"164":{"start":{"line":393,"column":16},"end":{"line":393,"column":94}},"165":{"start":{"line":395,"column":43},"end":{"line":398,"column":19}},"166":{"start":{"line":401,"column":16},"end":{"line":401,"column":28}},"167":{"start":{"line":402,"column":16},"end":{"line":405,"column":17}},"168":{"start":{"line":403,"column":18},"end":{"line":403,"column":61}},"169":{"start":{"line":404,"column":18},"end":{"line":404,"column":96}},"170":{"start":{"line":414,"column":4},"end":{"line":414,"column":22}},"171":{"start":{"line":421,"column":0},"end":{"line":430,"column":2}},"172":{"start":{"line":422,"column":2},"end":{"line":429,"column":3}},"173":{"start":{"line":423,"column":23},"end":{"line":423,"column":33}},"174":{"start":{"line":424,"column":24},"end":{"line":424,"column":96}},"175":{"start":{"line":426,"column":6},"end":{"line":426,"column":33}},"176":{"start":{"line":428,"column":4},"end":{"line":428,"column":22}},"177":{"start":{"line":434,"column":0},"end":{"line":446,"column":2}},"178":{"start":{"line":435,"column":2},"end":{"line":445,"column":3}},"179":{"start":{"line":436,"column":19},"end":{"line":436,"column":29}},"180":{"start":{"line":437,"column":23},"end":{"line":440,"column":5}},"181":{"start":{"line":442,"column":6},"end":{"line":442,"column":31}},"182":{"start":{"line":444,"column":4},"end":{"line":444,"column":22}}},"fnMap":{"0":{"name":"(anonymous_0)","decl":{"start":{"line":33,"column":17},"end":{"line":33,"column":18}},"loc":{"start":{"line":33,"column":34},"end":{"line":39,"column":1}},"line":33},"1":{"name":"(anonymous_1)","decl":{"start":{"line":44,"column":20},"end":{"line":44,"column":21}},"loc":{"start":{"line":44,"column":39},"end":{"line":77,"column":1}},"line":44},"2":{"name":"(anonymous_2)","decl":{"start":{"line":79,"column":21},"end":{"line":79,"column":22}},"loc":{"start":{"line":79,"column":40},"end":{"line":115,"column":1}},"line":79},"3":{"name":"(anonymous_3)","decl":{"start":{"line":119,"column":19},"end":{"line":119,"column":20}},"loc":{"start":{"line":119,"column":38},"end":{"line":145,"column":1}},"line":119},"4":{"name":"(anonymous_4)","decl":{"start":{"line":148,"column":24},"end":{"line":148,"column":25}},"loc":{"start":{"line":148,"column":41},"end":{"line":160,"column":1}},"line":148},"5":{"name":"(anonymous_5)","decl":{"start":{"line":164,"column":24},"end":{"line":164,"column":25}},"loc":{"start":{"line":164,"column":41},"end":{"line":172,"column":1}},"line":164},"6":{"name":"(anonymous_6)","decl":{"start":{"line":176,"column":26},"end":{"line":176,"column":27}},"loc":{"start":{"line":176,"column":43},"end":{"line":184,"column":1}},"line":176},"7":{"name":"(anonymous_7)","decl":{"start":{"line":187,"column":24},"end":{"line":187,"column":25}},"loc":{"start":{"line":187,"column":41},"end":{"line":195,"column":1}},"line":187},"8":{"name":"(anonymous_8)","decl":{"start":{"line":198,"column":31},"end":{"line":198,"column":32}},"loc":{"start":{"line":198,"column":48},"end":{"line":214,"column":1}},"line":198},"9":{"name":"(anonymous_9)","decl":{"start":{"line":217,"column":31},"end":{"line":217,"column":32}},"loc":{"start":{"line":217,"column":48},"end":{"line":231,"column":1}},"line":217},"10":{"name":"(anonymous_10)","decl":{"start":{"line":234,"column":29},"end":{"line":234,"column":30}},"loc":{"start":{"line":234,"column":46},"end":{"line":248,"column":1}},"line":234},"11":{"name":"(anonymous_11)","decl":{"start":{"line":252,"column":37},"end":{"line":252,"column":38}},"loc":{"start":{"line":252,"column":56},"end":{"line":294,"column":1}},"line":252},"12":{"name":"(anonymous_12)","decl":{"start":{"line":261,"column":37},"end":{"line":261,"column":38}},"loc":{"start":{"line":261,"column":60},"end":{"line":288,"column":5}},"line":261},"13":{"name":"(anonymous_13)","decl":{"start":{"line":298,"column":28},"end":{"line":298,"column":29}},"loc":{"start":{"line":298,"column":47},"end":{"line":416,"column":1}},"line":298},"14":{"name":"(anonymous_14)","decl":{"start":{"line":311,"column":41},"end":{"line":311,"column":42}},"loc":{"start":{"line":311,"column":67},"end":{"line":329,"column":5}},"line":311},"15":{"name":"(anonymous_15)","decl":{"start":{"line":329,"column":13},"end":{"line":329,"column":14}},"loc":{"start":{"line":329,"column":17},"end":{"line":411,"column":5}},"line":329},"16":{"name":"(anonymous_16)","decl":{"start":{"line":333,"column":54},"end":{"line":333,"column":55}},"loc":{"start":{"line":333,"column":72},"end":{"line":409,"column":9}},"line":333},"17":{"name":"(anonymous_17)","decl":{"start":{"line":336,"column":67},"end":{"line":336,"column":68}},"loc":{"start":{"line":336,"column":88},"end":{"line":388,"column":13}},"line":336},"18":{"name":"(anonymous_18)","decl":{"start":{"line":388,"column":21},"end":{"line":388,"column":22}},"loc":{"start":{"line":388,"column":25},"end":{"line":407,"column":13}},"line":388},"19":{"name":"(anonymous_19)","decl":{"start":{"line":392,"column":59},"end":{"line":392,"column":60}},"loc":{"start":{"line":392,"column":76},"end":{"line":400,"column":15}},"line":392},"20":{"name":"(anonymous_20)","decl":{"start":{"line":400,"column":23},"end":{"line":400,"column":24}},"loc":{"start":{"line":400,"column":27},"end":{"line":406,"column":15}},"line":400},"21":{"name":"(anonymous_21)","decl":{"start":{"line":409,"column":17},"end":{"line":409,"column":18}},"loc":{"start":{"line":409,"column":21},"end":{"line":410,"column":9}},"line":409},"22":{"name":"(anonymous_22)","decl":{"start":{"line":421,"column":39},"end":{"line":421,"column":40}},"loc":{"start":{"line":421,"column":56},"end":{"line":430,"column":1}},"line":421},"23":{"name":"(anonymous_23)","decl":{"start":{"line":434,"column":26},"end":{"line":434,"column":27}},"loc":{"start":{"line":434,"column":43},"end":{"line":446,"column":1}},"line":434}},"branchMap":{"0":{"loc":{"start":{"line":47,"column":9},"end":{"line":47,"column":20}},"type":"default-arg","locations":[{"start":{"line":47,"column":18},"end":{"line":47,"column":20}}],"line":47},"1":{"loc":{"start":{"line":47,"column":22},"end":{"line":47,"column":27}},"type":"default-arg","locations":[{"start":{"line":47,"column":25},"end":{"line":47,"column":27}}],"line":47},"2":{"loc":{"start":{"line":47,"column":29},"end":{"line":47,"column":41}},"type":"default-arg","locations":[{"start":{"line":47,"column":39},"end":{"line":47,"column":41}}],"line":47},"3":{"loc":{"start":{"line":47,"column":43},"end":{"line":47,"column":54}},"type":"default-arg","locations":[{"start":{"line":47,"column":52},"end":{"line":47,"column":54}}],"line":47},"4":{"loc":{"start":{"line":47,"column":56},"end":{"line":47,"column":64}},"type":"default-arg","locations":[{"start":{"line":47,"column":62},"end":{"line":47,"column":64}}],"line":47},"5":{"loc":{"start":{"line":47,"column":66},"end":{"line":47,"column":78}},"type":"default-arg","locations":[{"start":{"line":47,"column":76},"end":{"line":47,"column":78}}],"line":47},"6":{"loc":{"start":{"line":47,"column":80},"end":{"line":47,"column":98}},"type":"default-arg","locations":[{"start":{"line":47,"column":96},"end":{"line":47,"column":98}}],"line":47},"7":{"loc":{"start":{"line":47,"column":100},"end":{"line":47,"column":113}},"type":"default-arg","locations":[{"start":{"line":47,"column":111},"end":{"line":47,"column":113}}],"line":47},"8":{"loc":{"start":{"line":61,"column":4},"end":{"line":71,"column":5}},"type":"if","locations":[{"start":{"line":61,"column":4},"end":{"line":71,"column":5}},{"start":{"line":69,"column":9},"end":{"line":71,"column":5}}],"line":61},"9":{"loc":{"start":{"line":81,"column":9},"end":{"line":81,"column":20}},"type":"default-arg","locations":[{"start":{"line":81,"column":18},"end":{"line":81,"column":20}}],"line":81},"10":{"loc":{"start":{"line":81,"column":22},"end":{"line":81,"column":64}},"type":"default-arg","locations":[{"start":{"line":81,"column":29},"end":{"line":81,"column":64}}],"line":81},"11":{"loc":{"start":{"line":81,"column":66},"end":{"line":81,"column":78}},"type":"default-arg","locations":[{"start":{"line":81,"column":76},"end":{"line":81,"column":78}}],"line":81},"12":{"loc":{"start":{"line":81,"column":80},"end":{"line":81,"column":91}},"type":"default-arg","locations":[{"start":{"line":81,"column":89},"end":{"line":81,"column":91}}],"line":81},"13":{"loc":{"start":{"line":81,"column":93},"end":{"line":81,"column":101}},"type":"default-arg","locations":[{"start":{"line":81,"column":99},"end":{"line":81,"column":101}}],"line":81},"14":{"loc":{"start":{"line":81,"column":103},"end":{"line":81,"column":115}},"type":"default-arg","locations":[{"start":{"line":81,"column":113},"end":{"line":81,"column":115}}],"line":81},"15":{"loc":{"start":{"line":81,"column":117},"end":{"line":81,"column":135}},"type":"default-arg","locations":[{"start":{"line":81,"column":133},"end":{"line":81,"column":135}}],"line":81},"16":{"loc":{"start":{"line":81,"column":137},"end":{"line":81,"column":151}},"type":"default-arg","locations":[{"start":{"line":81,"column":149},"end":{"line":81,"column":151}}],"line":81},"17":{"loc":{"start":{"line":95,"column":4},"end":{"line":109,"column":5}},"type":"if","locations":[{"start":{"line":95,"column":4},"end":{"line":109,"column":5}},{"start":{"line":101,"column":9},"end":{"line":109,"column":5}}],"line":95},"18":{"loc":{"start":{"line":134,"column":4},"end":{"line":141,"column":5}},"type":"if","locations":[{"start":{"line":134,"column":4},"end":{"line":141,"column":5}},{"start":{"line":137,"column":11},"end":{"line":141,"column":5}}],"line":134},"19":{"loc":{"start":{"line":270,"column":6},"end":{"line":287,"column":7}},"type":"if","locations":[{"start":{"line":270,"column":6},"end":{"line":287,"column":7}},{"start":{"line":278,"column":11},"end":{"line":287,"column":7}}],"line":270},"20":{"loc":{"start":{"line":355,"column":16},"end":{"line":357,"column":17}},"type":"if","locations":[{"start":{"line":355,"column":16},"end":{"line":357,"column":17}},{"start":{},"end":{}}],"line":355},"21":{"loc":{"start":{"line":361,"column":16},"end":{"line":386,"column":17}},"type":"if","locations":[{"start":{"line":361,"column":16},"end":{"line":386,"column":17}},{"start":{"line":368,"column":22},"end":{"line":386,"column":17}}],"line":361},"22":{"loc":{"start":{"line":361,"column":19},"end":{"line":362,"column":112}},"type":"binary-expr","locations":[{"start":{"line":361,"column":19},"end":{"line":361,"column":110}},{"start":{"line":362,"column":21},"end":{"line":362,"column":112}}],"line":361},"23":{"loc":{"start":{"line":368,"column":22},"end":{"line":386,"column":17}},"type":"if","locations":[{"start":{"line":368,"column":22},"end":{"line":386,"column":17}},{"start":{"line":376,"column":22},"end":{"line":386,"column":17}}],"line":368},"24":{"loc":{"start":{"line":368,"column":25},"end":{"line":371,"column":113}},"type":"binary-expr","locations":[{"start":{"line":368,"column":26},"end":{"line":368,"column":117}},{"start":{"line":369,"column":21},"end":{"line":369,"column":112}},{"start":{"line":370,"column":22},"end":{"line":370,"column":113}},{"start":{"line":371,"column":21},"end":{"line":371,"column":112}}],"line":368},"25":{"loc":{"start":{"line":376,"column":22},"end":{"line":386,"column":17}},"type":"if","locations":[{"start":{"line":376,"column":22},"end":{"line":386,"column":17}},{"start":{},"end":{}}],"line":376},"26":{"loc":{"start":{"line":376,"column":25},"end":{"line":381,"column":143}},"type":"binary-expr","locations":[{"start":{"line":376,"column":26},"end":{"line":376,"column":87}},{"start":{"line":377,"column":22},"end":{"line":377,"column":141}},{"start":{"line":378,"column":22},"end":{"line":378,"column":83}},{"start":{"line":379,"column":22},"end":{"line":379,"column":141}},{"start":{"line":380,"column":22},"end":{"line":380,"column":84}},{"start":{"line":381,"column":22},"end":{"line":381,"column":142}}],"line":376},"27":{"loc":{"start":{"line":402,"column":16},"end":{"line":405,"column":17}},"type":"if","locations":[{"start":{"line":402,"column":16},"end":{"line":405,"column":17}},{"start":{},"end":{}}],"line":402}},"s":{"0":1,"1":1,"2":1,"3":1,"4":1,"5":1,"6":2,"7":2,"8":0,"9":1,"10":2,"11":2,"12":2,"13":2,"14":2,"15":2,"16":2,"17":2,"18":2,"19":2,"20":2,"21":0,"22":0,"23":2,"24":0,"25":1,"26":0,"27":0,"28":0,"29":0,"30":0,"31":0,"32":0,"33":0,"34":0,"35":0,"36":0,"37":0,"38":0,"39":1,"40":0,"41":0,"42":0,"43":0,"44":0,"45":0,"46":0,"47":0,"48":0,"49":0,"50":0,"51":0,"52":0,"53":0,"54":0,"55":1,"56":0,"57":0,"58":0,"59":0,"60":0,"61":1,"62":0,"63":0,"64":0,"65":0,"66":1,"67":0,"68":0,"69":0,"70":0,"71":1,"72":0,"73":0,"74":0,"75":0,"76":1,"77":0,"78":0,"79":0,"80":0,"81":0,"82":0,"83":0,"84":1,"85":0,"86":0,"87":0,"88":0,"89":0,"90":0,"91":1,"92":0,"93":0,"94":0,"95":0,"96":0,"97":0,"98":1,"99":0,"100":0,"101":0,"102":0,"103":0,"104":0,"105":0,"106":0,"107":0,"108":0,"109":0,"110":0,"111":0,"112":0,"113":0,"114":0,"115":0,"116":0,"117":0,"118":1,"119":0,"120":0,"121":0,"122":0,"123":0,"124":0,"125":0,"126":0,"127":0,"128":0,"129":0,"130":0,"131":0,"132":0,"133":0,"134":0,"135":0,"136":0,"137":0,"138":0,"139":0,"140":0,"141":0,"142":0,"143":0,"144":0,"145":0,"146":0,"147":0,"148":0,"149":0,"150":0,"151":0,"152":0,"153":0,"154":0,"155":0,"156":0,"157":0,"158":0,"159":0,"160":0,"161":0,"162":0,"163":0,"164":0,"165":0,"166":0,"167":0,"168":0,"169":0,"170":0,"171":1,"172":0,"173":0,"174":0,"175":0,"176":0,"177":1,"178":0,"179":0,"180":0,"181":0,"182":0},"f":{"0":2,"1":2,"2":0,"3":0,"4":0,"5":0,"6":0,"7":0,"8":0,"9":0,"10":0,"11":0,"12":0,"13":0,"14":0,"15":0,"16":0,"17":0,"18":0,"19":0,"20":0,"21":0,"22":0,"23":0},"b":{"0":[2],"1":[2],"2":[2],"3":[2],"4":[2],"5":[2],"6":[2],"7":[2],"8":[0,2],"9":[0],"10":[0],"11":[0],"12":[0],"13":[0],"14":[0],"15":[0],"16":[0],"17":[0,0],"18":[0,0],"19":[0,0],"20":[0,0],"21":[0,0],"22":[0,0],"23":[0,0],"24":[0,0,0,0],"25":[0,0],"26":[0,0,0,0,0,0],"27":[0,0]},"_coverageSchema":"1a1c01bbd47fc00a2c39e90264f33305004495a9","hash":"6802f53372eb542cb30aba9ca6f4205f9b2e5883"}
}
