{"/Users/alari/Documents/GitHub/prediction-hero/be/db.js": {"path":"/Users/alari/Documents/GitHub/prediction-hero/be/db.js","statementMap":{"0":{"start":{"line":2,"column":13},"end":{"line":2,"column":20}},"1":{"start":{"line":4,"column":13},"end":{"line":10,"column":2}}},"fnMap":{},"branchMap":{},"s":{"0":1,"1":1},"f":{},"b":{},"_coverageSchema":"1a1c01bbd47fc00a2c39e90264f33305004495a9","hash":"396ae35de8a42829d095fb676746eacb31c0d9d5"}
,"/Users/alari/Documents/GitHub/prediction-hero/be/log.js": {"path":"/Users/alari/Documents/GitHub/prediction-hero/be/log.js","statementMap":{"0":{"start":{"line":2,"column":12},"end":{"line":15,"column":1}},"1":{"start":{"line":4,"column":8},"end":{"line":4,"column":36}},"2":{"start":{"line":7,"column":8},"end":{"line":7,"column":35}},"3":{"start":{"line":10,"column":8},"end":{"line":10,"column":38}},"4":{"start":{"line":13,"column":8},"end":{"line":13,"column":36}},"5":{"start":{"line":18,"column":4},"end":{"line":20,"column":5}},"6":{"start":{"line":19,"column":8},"end":{"line":19,"column":32}},"7":{"start":{"line":24,"column":13},"end":{"line":24,"column":23}},"8":{"start":{"line":25,"column":10},"end":{"line":25,"column":64}},"9":{"start":{"line":26,"column":10},"end":{"line":26,"column":70}},"10":{"start":{"line":27,"column":10},"end":{"line":27,"column":70}},"11":{"start":{"line":28,"column":11},"end":{"line":28,"column":141}},"12":{"start":{"line":29,"column":13},"end":{"line":29,"column":33}},"13":{"start":{"line":30,"column":4},"end":{"line":30,"column":16}},"14":{"start":{"line":33,"column":13},"end":{"line":33,"column":22}},"15":{"start":{"line":34,"column":4},"end":{"line":34,"column":57}},"16":{"start":{"line":34,"column":30},"end":{"line":34,"column":56}},"17":{"start":{"line":35,"column":4},"end":{"line":35,"column":32}},"18":{"start":{"line":35,"column":17},"end":{"line":35,"column":31}},"19":{"start":{"line":36,"column":4},"end":{"line":36,"column":113}},"20":{"start":{"line":37,"column":4},"end":{"line":37,"column":109}}},"fnMap":{"0":{"name":"(anonymous_0)","decl":{"start":{"line":3,"column":11},"end":{"line":3,"column":12}},"loc":{"start":{"line":3,"column":30},"end":{"line":5,"column":5}},"line":3},"1":{"name":"(anonymous_1)","decl":{"start":{"line":6,"column":10},"end":{"line":6,"column":11}},"loc":{"start":{"line":6,"column":29},"end":{"line":8,"column":5}},"line":6},"2":{"name":"(anonymous_2)","decl":{"start":{"line":9,"column":10},"end":{"line":9,"column":11}},"loc":{"start":{"line":9,"column":29},"end":{"line":11,"column":5}},"line":9},"3":{"name":"(anonymous_3)","decl":{"start":{"line":12,"column":11},"end":{"line":12,"column":12}},"loc":{"start":{"line":12,"column":30},"end":{"line":14,"column":5}},"line":12},"4":{"name":"writeFallback","decl":{"start":{"line":17,"column":16},"end":{"line":17,"column":29}},"loc":{"start":{"line":17,"column":34},"end":{"line":21,"column":1}},"line":17},"5":{"name":"getTime","decl":{"start":{"line":23,"column":16},"end":{"line":23,"column":23}},"loc":{"start":{"line":23,"column":25},"end":{"line":31,"column":1}},"line":23},"6":{"name":"writeLog","decl":{"start":{"line":32,"column":16},"end":{"line":32,"column":24}},"loc":{"start":{"line":32,"column":40},"end":{"line":38,"column":1}},"line":32}},"branchMap":{"0":{"loc":{"start":{"line":18,"column":4},"end":{"line":20,"column":5}},"type":"if","locations":[{"start":{"line":18,"column":4},"end":{"line":20,"column":5}},{"start":{},"end":{}}],"line":18},"1":{"loc":{"start":{"line":25,"column":10},"end":{"line":25,"column":64}},"type":"cond-expr","locations":[{"start":{"line":25,"column":29},"end":{"line":25,"column":48}},{"start":{"line":25,"column":49},"end":{"line":25,"column":64}}],"line":25},"2":{"loc":{"start":{"line":26,"column":10},"end":{"line":26,"column":70}},"type":"cond-expr","locations":[{"start":{"line":26,"column":31},"end":{"line":26,"column":52}},{"start":{"line":26,"column":53},"end":{"line":26,"column":70}}],"line":26},"3":{"loc":{"start":{"line":27,"column":10},"end":{"line":27,"column":70}},"type":"cond-expr","locations":[{"start":{"line":27,"column":31},"end":{"line":27,"column":52}},{"start":{"line":27,"column":53},"end":{"line":27,"column":70}}],"line":27},"4":{"loc":{"start":{"line":28,"column":11},"end":{"line":28,"column":141}},"type":"cond-expr","locations":[{"start":{"line":28,"column":38},"end":{"line":28,"column":118}},{"start":{"line":28,"column":119},"end":{"line":28,"column":141}}],"line":28},"5":{"loc":{"start":{"line":28,"column":38},"end":{"line":28,"column":118}},"type":"cond-expr","locations":[{"start":{"line":28,"column":64},"end":{"line":28,"column":91}},{"start":{"line":28,"column":92},"end":{"line":28,"column":118}}],"line":28},"6":{"loc":{"start":{"line":34,"column":4},"end":{"line":34,"column":57}},"type":"if","locations":[{"start":{"line":34,"column":4},"end":{"line":34,"column":57}},{"start":{},"end":{}}],"line":34},"7":{"loc":{"start":{"line":35,"column":4},"end":{"line":35,"column":32}},"type":"if","locations":[{"start":{"line":35,"column":4},"end":{"line":35,"column":32}},{"start":{},"end":{}}],"line":35}},"s":{"0":2,"1":1,"2":222,"3":1,"4":1,"5":441,"6":1,"7":226,"8":226,"9":226,"10":226,"11":226,"12":226,"13":226,"14":225,"15":225,"16":67,"17":225,"18":222,"19":225,"20":225},"f":{"0":1,"1":222,"2":1,"3":1,"4":441,"5":226,"6":225},"b":{"0":[1,440],"1":[0,226],"2":[0,226],"3":[0,226],"4":[13,213],"5":[0,13],"6":[67,158],"7":[222,3]},"_coverageSchema":"1a1c01bbd47fc00a2c39e90264f33305004495a9","hash":"3fc265f95d6b3cae5cec8f4573c66eed1adeedf4"}
,"/Users/alari/Documents/GitHub/prediction-hero/be/main.js": {"path":"/Users/alari/Documents/GitHub/prediction-hero/be/main.js","statementMap":{"0":{"start":{"line":2,"column":10},"end":{"line":2,"column":19}},"1":{"start":{"line":4,"column":18},"end":{"line":4,"column":40}},"2":{"start":{"line":12,"column":0},"end":{"line":12,"column":23}},"3":{"start":{"line":14,"column":17},"end":{"line":27,"column":1}},"4":{"start":{"line":29,"column":0},"end":{"line":29,"column":24}},"5":{"start":{"line":33,"column":0},"end":{"line":39,"column":2}},"6":{"start":{"line":34,"column":2},"end":{"line":38,"column":3}},"7":{"start":{"line":35,"column":6},"end":{"line":35,"column":28}},"8":{"start":{"line":37,"column":4},"end":{"line":37,"column":22}},"9":{"start":{"line":44,"column":0},"end":{"line":75,"column":2}},"10":{"start":{"line":45,"column":2},"end":{"line":74,"column":3}},"11":{"start":{"line":46,"column":4},"end":{"line":46,"column":34}},"12":{"start":{"line":47,"column":118},"end":{"line":47,"column":126}},"13":{"start":{"line":48,"column":4},"end":{"line":48,"column":30}},"14":{"start":{"line":49,"column":4},"end":{"line":49,"column":30}},"15":{"start":{"line":50,"column":4},"end":{"line":50,"column":31}},"16":{"start":{"line":52,"column":15},"end":{"line":52,"column":64}},"17":{"start":{"line":54,"column":17},"end":{"line":57,"column":5}},"18":{"start":{"line":59,"column":4},"end":{"line":69,"column":5}},"19":{"start":{"line":61,"column":27},"end":{"line":64,"column":7}},"20":{"start":{"line":66,"column":8},"end":{"line":66,"column":39}},"21":{"start":{"line":68,"column":6},"end":{"line":68,"column":81}},"22":{"start":{"line":73,"column":4},"end":{"line":73,"column":22}},"23":{"start":{"line":77,"column":0},"end":{"line":113,"column":2}},"24":{"start":{"line":78,"column":2},"end":{"line":112,"column":3}},"25":{"start":{"line":79,"column":156},"end":{"line":79,"column":164}},"26":{"start":{"line":80,"column":4},"end":{"line":80,"column":29}},"27":{"start":{"line":84,"column":15},"end":{"line":84,"column":68}},"28":{"start":{"line":85,"column":4},"end":{"line":85,"column":43}},"29":{"start":{"line":86,"column":4},"end":{"line":86,"column":38}},"30":{"start":{"line":88,"column":17},"end":{"line":91,"column":5}},"31":{"start":{"line":93,"column":4},"end":{"line":107,"column":5}},"32":{"start":{"line":94,"column":25},"end":{"line":97,"column":7}},"33":{"start":{"line":98,"column":6},"end":{"line":98,"column":76}},"34":{"start":{"line":101,"column":27},"end":{"line":104,"column":7}},"35":{"start":{"line":106,"column":6},"end":{"line":106,"column":37}},"36":{"start":{"line":111,"column":4},"end":{"line":111,"column":22}},"37":{"start":{"line":117,"column":0},"end":{"line":143,"column":2}},"38":{"start":{"line":118,"column":2},"end":{"line":142,"column":3}},"39":{"start":{"line":119,"column":4},"end":{"line":119,"column":40}},"40":{"start":{"line":120,"column":4},"end":{"line":120,"column":31}},"41":{"start":{"line":121,"column":37},"end":{"line":121,"column":45}},"42":{"start":{"line":122,"column":4},"end":{"line":122,"column":29}},"43":{"start":{"line":124,"column":15},"end":{"line":124,"column":68}},"44":{"start":{"line":125,"column":4},"end":{"line":125,"column":43}},"45":{"start":{"line":127,"column":17},"end":{"line":130,"column":5}},"46":{"start":{"line":132,"column":4},"end":{"line":139,"column":5}},"47":{"start":{"line":133,"column":6},"end":{"line":133,"column":49}},"48":{"start":{"line":134,"column":6},"end":{"line":134,"column":76}},"49":{"start":{"line":136,"column":6},"end":{"line":136,"column":56}},"50":{"start":{"line":137,"column":6},"end":{"line":137,"column":30}},"51":{"start":{"line":138,"column":6},"end":{"line":138,"column":84}},"52":{"start":{"line":141,"column":4},"end":{"line":141,"column":27}},"53":{"start":{"line":146,"column":0},"end":{"line":158,"column":2}},"54":{"start":{"line":147,"column":2},"end":{"line":157,"column":3}},"55":{"start":{"line":148,"column":19},"end":{"line":148,"column":29}},"56":{"start":{"line":149,"column":17},"end":{"line":152,"column":5}},"57":{"start":{"line":154,"column":6},"end":{"line":154,"column":29}},"58":{"start":{"line":156,"column":4},"end":{"line":156,"column":22}},"59":{"start":{"line":162,"column":0},"end":{"line":170,"column":2}},"60":{"start":{"line":163,"column":2},"end":{"line":169,"column":3}},"61":{"start":{"line":164,"column":17},"end":{"line":164,"column":56}},"62":{"start":{"line":166,"column":6},"end":{"line":166,"column":26}},"63":{"start":{"line":168,"column":4},"end":{"line":168,"column":22}},"64":{"start":{"line":174,"column":0},"end":{"line":182,"column":2}},"65":{"start":{"line":175,"column":2},"end":{"line":181,"column":3}},"66":{"start":{"line":176,"column":20},"end":{"line":176,"column":61}},"67":{"start":{"line":178,"column":4},"end":{"line":178,"column":27}},"68":{"start":{"line":180,"column":4},"end":{"line":180,"column":22}},"69":{"start":{"line":185,"column":0},"end":{"line":193,"column":2}},"70":{"start":{"line":186,"column":2},"end":{"line":192,"column":3}},"71":{"start":{"line":187,"column":18},"end":{"line":187,"column":79}},"72":{"start":{"line":189,"column":6},"end":{"line":189,"column":27}},"73":{"start":{"line":191,"column":4},"end":{"line":191,"column":22}},"74":{"start":{"line":196,"column":0},"end":{"line":212,"column":2}},"75":{"start":{"line":197,"column":2},"end":{"line":211,"column":3}},"76":{"start":{"line":198,"column":19},"end":{"line":198,"column":29}},"77":{"start":{"line":199,"column":29},"end":{"line":199,"column":37}},"78":{"start":{"line":201,"column":15},"end":{"line":201,"column":71}},"79":{"start":{"line":203,"column":21},"end":{"line":206,"column":5}},"80":{"start":{"line":208,"column":6},"end":{"line":208,"column":35}},"81":{"start":{"line":210,"column":4},"end":{"line":210,"column":22}},"82":{"start":{"line":215,"column":0},"end":{"line":229,"column":2}},"83":{"start":{"line":216,"column":2},"end":{"line":228,"column":3}},"84":{"start":{"line":217,"column":19},"end":{"line":217,"column":29}},"85":{"start":{"line":218,"column":65},"end":{"line":218,"column":73}},"86":{"start":{"line":220,"column":23},"end":{"line":223,"column":5}},"87":{"start":{"line":225,"column":6},"end":{"line":225,"column":77}},"88":{"start":{"line":227,"column":4},"end":{"line":227,"column":22}},"89":{"start":{"line":232,"column":0},"end":{"line":246,"column":2}},"90":{"start":{"line":233,"column":2},"end":{"line":245,"column":3}},"91":{"start":{"line":234,"column":19},"end":{"line":234,"column":29}},"92":{"start":{"line":235,"column":28},"end":{"line":235,"column":36}},"93":{"start":{"line":237,"column":23},"end":{"line":240,"column":5}},"94":{"start":{"line":242,"column":6},"end":{"line":242,"column":72}},"95":{"start":{"line":244,"column":4},"end":{"line":244,"column":22}},"96":{"start":{"line":250,"column":0},"end":{"line":289,"column":2}},"97":{"start":{"line":251,"column":2},"end":{"line":288,"column":3}},"98":{"start":{"line":252,"column":23},"end":{"line":252,"column":33}},"99":{"start":{"line":254,"column":4},"end":{"line":254,"column":36}},"100":{"start":{"line":255,"column":4},"end":{"line":255,"column":41}},"101":{"start":{"line":256,"column":4},"end":{"line":256,"column":65}},"102":{"start":{"line":259,"column":23},"end":{"line":259,"column":25}},"103":{"start":{"line":260,"column":4},"end":{"line":284,"column":6}},"104":{"start":{"line":261,"column":6},"end":{"line":261,"column":45}},"105":{"start":{"line":262,"column":6},"end":{"line":262,"column":47}},"106":{"start":{"line":263,"column":19},"end":{"line":266,"column":7}},"107":{"start":{"line":267,"column":6},"end":{"line":283,"column":7}},"108":{"start":{"line":268,"column":8},"end":{"line":268,"column":40}},"109":{"start":{"line":269,"column":8},"end":{"line":269,"column":188}},"110":{"start":{"line":270,"column":27},"end":{"line":273,"column":9}},"111":{"start":{"line":274,"column":8},"end":{"line":274,"column":53}},"112":{"start":{"line":276,"column":8},"end":{"line":276,"column":50}},"113":{"start":{"line":278,"column":29},"end":{"line":281,"column":9}},"114":{"start":{"line":282,"column":8},"end":{"line":282,"column":41}},"115":{"start":{"line":285,"column":4},"end":{"line":285,"column":82}},"116":{"start":{"line":287,"column":4},"end":{"line":287,"column":22}},"117":{"start":{"line":293,"column":0},"end":{"line":392,"column":2}},"118":{"start":{"line":294,"column":2},"end":{"line":391,"column":3}},"119":{"start":{"line":297,"column":4},"end":{"line":297,"column":29}},"120":{"start":{"line":299,"column":18},"end":{"line":299,"column":38}},"121":{"start":{"line":300,"column":4},"end":{"line":300,"column":28}},"122":{"start":{"line":301,"column":27},"end":{"line":301,"column":29}},"123":{"start":{"line":302,"column":26},"end":{"line":302,"column":28}},"124":{"start":{"line":303,"column":19},"end":{"line":303,"column":21}},"125":{"start":{"line":304,"column":18},"end":{"line":304,"column":19}},"126":{"start":{"line":305,"column":4},"end":{"line":388,"column":6}},"127":{"start":{"line":306,"column":8},"end":{"line":306,"column":44}},"128":{"start":{"line":307,"column":8},"end":{"line":307,"column":41}},"129":{"start":{"line":308,"column":29},"end":{"line":311,"column":9}},"130":{"start":{"line":312,"column":8},"end":{"line":312,"column":95}},"131":{"start":{"line":313,"column":34},"end":{"line":316,"column":9}},"132":{"start":{"line":317,"column":8},"end":{"line":317,"column":60}},"133":{"start":{"line":321,"column":8},"end":{"line":321,"column":50}},"134":{"start":{"line":322,"column":8},"end":{"line":322,"column":41}},"135":{"start":{"line":323,"column":8},"end":{"line":387,"column":10}},"136":{"start":{"line":324,"column":12},"end":{"line":324,"column":46}},"137":{"start":{"line":325,"column":12},"end":{"line":325,"column":69}},"138":{"start":{"line":326,"column":12},"end":{"line":385,"column":14}},"139":{"start":{"line":327,"column":14},"end":{"line":327,"column":103}},"140":{"start":{"line":328,"column":14},"end":{"line":328,"column":68}},"141":{"start":{"line":329,"column":48},"end":{"line":332,"column":17}},"142":{"start":{"line":333,"column":40},"end":{"line":333,"column":85}},"143":{"start":{"line":334,"column":16},"end":{"line":334,"column":76}},"144":{"start":{"line":335,"column":16},"end":{"line":335,"column":96}},"145":{"start":{"line":338,"column":16},"end":{"line":338,"column":48}},"146":{"start":{"line":339,"column":16},"end":{"line":339,"column":90}},"147":{"start":{"line":340,"column":16},"end":{"line":340,"column":116}},"148":{"start":{"line":341,"column":16},"end":{"line":341,"column":61}},"149":{"start":{"line":342,"column":16},"end":{"line":344,"column":17}},"150":{"start":{"line":343,"column":18},"end":{"line":343,"column":98}},"151":{"start":{"line":345,"column":16},"end":{"line":345,"column":48}},"152":{"start":{"line":346,"column":16},"end":{"line":364,"column":17}},"153":{"start":{"line":348,"column":20},"end":{"line":348,"column":53}},"154":{"start":{"line":349,"column":20},"end":{"line":349,"column":155}},"155":{"start":{"line":350,"column":22},"end":{"line":364,"column":17}},"156":{"start":{"line":354,"column":20},"end":{"line":354,"column":78}},"157":{"start":{"line":355,"column":20},"end":{"line":355,"column":155}},"158":{"start":{"line":356,"column":22},"end":{"line":364,"column":17}},"159":{"start":{"line":362,"column":20},"end":{"line":362,"column":70}},"160":{"start":{"line":363,"column":20},"end":{"line":363,"column":155}},"161":{"start":{"line":366,"column":14},"end":{"line":366,"column":60}},"162":{"start":{"line":367,"column":14},"end":{"line":367,"column":46}},"163":{"start":{"line":368,"column":14},"end":{"line":384,"column":16}},"164":{"start":{"line":369,"column":16},"end":{"line":369,"column":98}},"165":{"start":{"line":370,"column":16},"end":{"line":377,"column":17}},"166":{"start":{"line":371,"column":43},"end":{"line":374,"column":19}},"167":{"start":{"line":376,"column":18},"end":{"line":376,"column":46}},"168":{"start":{"line":379,"column":16},"end":{"line":379,"column":28}},"169":{"start":{"line":380,"column":16},"end":{"line":383,"column":17}},"170":{"start":{"line":381,"column":18},"end":{"line":381,"column":65}},"171":{"start":{"line":382,"column":18},"end":{"line":382,"column":96}},"172":{"start":{"line":390,"column":4},"end":{"line":390,"column":22}},"173":{"start":{"line":397,"column":0},"end":{"line":406,"column":2}},"174":{"start":{"line":398,"column":2},"end":{"line":405,"column":3}},"175":{"start":{"line":399,"column":23},"end":{"line":399,"column":33}},"176":{"start":{"line":400,"column":24},"end":{"line":400,"column":96}},"177":{"start":{"line":402,"column":6},"end":{"line":402,"column":33}},"178":{"start":{"line":404,"column":4},"end":{"line":404,"column":22}},"179":{"start":{"line":410,"column":0},"end":{"line":422,"column":2}},"180":{"start":{"line":411,"column":2},"end":{"line":421,"column":3}},"181":{"start":{"line":412,"column":19},"end":{"line":412,"column":29}},"182":{"start":{"line":413,"column":23},"end":{"line":416,"column":5}},"183":{"start":{"line":418,"column":6},"end":{"line":418,"column":31}},"184":{"start":{"line":420,"column":4},"end":{"line":420,"column":22}}},"fnMap":{"0":{"name":"(anonymous_0)","decl":{"start":{"line":33,"column":17},"end":{"line":33,"column":18}},"loc":{"start":{"line":33,"column":34},"end":{"line":39,"column":1}},"line":33},"1":{"name":"(anonymous_1)","decl":{"start":{"line":44,"column":20},"end":{"line":44,"column":21}},"loc":{"start":{"line":44,"column":39},"end":{"line":75,"column":1}},"line":44},"2":{"name":"(anonymous_2)","decl":{"start":{"line":77,"column":21},"end":{"line":77,"column":22}},"loc":{"start":{"line":77,"column":40},"end":{"line":113,"column":1}},"line":77},"3":{"name":"(anonymous_3)","decl":{"start":{"line":117,"column":19},"end":{"line":117,"column":20}},"loc":{"start":{"line":117,"column":38},"end":{"line":143,"column":1}},"line":117},"4":{"name":"(anonymous_4)","decl":{"start":{"line":146,"column":24},"end":{"line":146,"column":25}},"loc":{"start":{"line":146,"column":41},"end":{"line":158,"column":1}},"line":146},"5":{"name":"(anonymous_5)","decl":{"start":{"line":162,"column":24},"end":{"line":162,"column":25}},"loc":{"start":{"line":162,"column":41},"end":{"line":170,"column":1}},"line":162},"6":{"name":"(anonymous_6)","decl":{"start":{"line":174,"column":26},"end":{"line":174,"column":27}},"loc":{"start":{"line":174,"column":43},"end":{"line":182,"column":1}},"line":174},"7":{"name":"(anonymous_7)","decl":{"start":{"line":185,"column":24},"end":{"line":185,"column":25}},"loc":{"start":{"line":185,"column":41},"end":{"line":193,"column":1}},"line":185},"8":{"name":"(anonymous_8)","decl":{"start":{"line":196,"column":31},"end":{"line":196,"column":32}},"loc":{"start":{"line":196,"column":48},"end":{"line":212,"column":1}},"line":196},"9":{"name":"(anonymous_9)","decl":{"start":{"line":215,"column":31},"end":{"line":215,"column":32}},"loc":{"start":{"line":215,"column":48},"end":{"line":229,"column":1}},"line":215},"10":{"name":"(anonymous_10)","decl":{"start":{"line":232,"column":29},"end":{"line":232,"column":30}},"loc":{"start":{"line":232,"column":46},"end":{"line":246,"column":1}},"line":232},"11":{"name":"(anonymous_11)","decl":{"start":{"line":250,"column":37},"end":{"line":250,"column":38}},"loc":{"start":{"line":250,"column":56},"end":{"line":289,"column":1}},"line":250},"12":{"name":"(anonymous_12)","decl":{"start":{"line":260,"column":39},"end":{"line":260,"column":40}},"loc":{"start":{"line":260,"column":62},"end":{"line":284,"column":5}},"line":260},"13":{"name":"(anonymous_13)","decl":{"start":{"line":293,"column":28},"end":{"line":293,"column":29}},"loc":{"start":{"line":293,"column":47},"end":{"line":392,"column":1}},"line":293},"14":{"name":"(anonymous_14)","decl":{"start":{"line":305,"column":41},"end":{"line":305,"column":42}},"loc":{"start":{"line":305,"column":67},"end":{"line":320,"column":5}},"line":305},"15":{"name":"(anonymous_15)","decl":{"start":{"line":320,"column":13},"end":{"line":320,"column":14}},"loc":{"start":{"line":320,"column":17},"end":{"line":388,"column":5}},"line":320},"16":{"name":"(anonymous_16)","decl":{"start":{"line":323,"column":54},"end":{"line":323,"column":55}},"loc":{"start":{"line":323,"column":72},"end":{"line":386,"column":9}},"line":323},"17":{"name":"(anonymous_17)","decl":{"start":{"line":326,"column":67},"end":{"line":326,"column":68}},"loc":{"start":{"line":326,"column":88},"end":{"line":365,"column":13}},"line":326},"18":{"name":"(anonymous_18)","decl":{"start":{"line":365,"column":21},"end":{"line":365,"column":22}},"loc":{"start":{"line":365,"column":25},"end":{"line":385,"column":13}},"line":365},"19":{"name":"(anonymous_19)","decl":{"start":{"line":368,"column":59},"end":{"line":368,"column":60}},"loc":{"start":{"line":368,"column":76},"end":{"line":378,"column":15}},"line":368},"20":{"name":"(anonymous_20)","decl":{"start":{"line":378,"column":23},"end":{"line":378,"column":24}},"loc":{"start":{"line":378,"column":27},"end":{"line":384,"column":15}},"line":378},"21":{"name":"(anonymous_21)","decl":{"start":{"line":386,"column":17},"end":{"line":386,"column":18}},"loc":{"start":{"line":386,"column":21},"end":{"line":387,"column":9}},"line":386},"22":{"name":"(anonymous_22)","decl":{"start":{"line":397,"column":39},"end":{"line":397,"column":40}},"loc":{"start":{"line":397,"column":56},"end":{"line":406,"column":1}},"line":397},"23":{"name":"(anonymous_23)","decl":{"start":{"line":410,"column":26},"end":{"line":410,"column":27}},"loc":{"start":{"line":410,"column":43},"end":{"line":422,"column":1}},"line":410}},"branchMap":{"0":{"loc":{"start":{"line":47,"column":9},"end":{"line":47,"column":20}},"type":"default-arg","locations":[{"start":{"line":47,"column":18},"end":{"line":47,"column":20}}],"line":47},"1":{"loc":{"start":{"line":47,"column":22},"end":{"line":47,"column":27}},"type":"default-arg","locations":[{"start":{"line":47,"column":25},"end":{"line":47,"column":27}}],"line":47},"2":{"loc":{"start":{"line":47,"column":29},"end":{"line":47,"column":41}},"type":"default-arg","locations":[{"start":{"line":47,"column":39},"end":{"line":47,"column":41}}],"line":47},"3":{"loc":{"start":{"line":47,"column":43},"end":{"line":47,"column":54}},"type":"default-arg","locations":[{"start":{"line":47,"column":52},"end":{"line":47,"column":54}}],"line":47},"4":{"loc":{"start":{"line":47,"column":56},"end":{"line":47,"column":64}},"type":"default-arg","locations":[{"start":{"line":47,"column":62},"end":{"line":47,"column":64}}],"line":47},"5":{"loc":{"start":{"line":47,"column":66},"end":{"line":47,"column":78}},"type":"default-arg","locations":[{"start":{"line":47,"column":76},"end":{"line":47,"column":78}}],"line":47},"6":{"loc":{"start":{"line":47,"column":80},"end":{"line":47,"column":98}},"type":"default-arg","locations":[{"start":{"line":47,"column":96},"end":{"line":47,"column":98}}],"line":47},"7":{"loc":{"start":{"line":47,"column":100},"end":{"line":47,"column":113}},"type":"default-arg","locations":[{"start":{"line":47,"column":111},"end":{"line":47,"column":113}}],"line":47},"8":{"loc":{"start":{"line":59,"column":4},"end":{"line":69,"column":5}},"type":"if","locations":[{"start":{"line":59,"column":4},"end":{"line":69,"column":5}},{"start":{"line":67,"column":9},"end":{"line":69,"column":5}}],"line":59},"9":{"loc":{"start":{"line":79,"column":9},"end":{"line":79,"column":20}},"type":"default-arg","locations":[{"start":{"line":79,"column":18},"end":{"line":79,"column":20}}],"line":79},"10":{"loc":{"start":{"line":79,"column":22},"end":{"line":79,"column":64}},"type":"default-arg","locations":[{"start":{"line":79,"column":29},"end":{"line":79,"column":64}}],"line":79},"11":{"loc":{"start":{"line":79,"column":66},"end":{"line":79,"column":78}},"type":"default-arg","locations":[{"start":{"line":79,"column":76},"end":{"line":79,"column":78}}],"line":79},"12":{"loc":{"start":{"line":79,"column":80},"end":{"line":79,"column":91}},"type":"default-arg","locations":[{"start":{"line":79,"column":89},"end":{"line":79,"column":91}}],"line":79},"13":{"loc":{"start":{"line":79,"column":93},"end":{"line":79,"column":101}},"type":"default-arg","locations":[{"start":{"line":79,"column":99},"end":{"line":79,"column":101}}],"line":79},"14":{"loc":{"start":{"line":79,"column":103},"end":{"line":79,"column":115}},"type":"default-arg","locations":[{"start":{"line":79,"column":113},"end":{"line":79,"column":115}}],"line":79},"15":{"loc":{"start":{"line":79,"column":117},"end":{"line":79,"column":135}},"type":"default-arg","locations":[{"start":{"line":79,"column":133},"end":{"line":79,"column":135}}],"line":79},"16":{"loc":{"start":{"line":79,"column":137},"end":{"line":79,"column":151}},"type":"default-arg","locations":[{"start":{"line":79,"column":149},"end":{"line":79,"column":151}}],"line":79},"17":{"loc":{"start":{"line":93,"column":4},"end":{"line":107,"column":5}},"type":"if","locations":[{"start":{"line":93,"column":4},"end":{"line":107,"column":5}},{"start":{"line":99,"column":9},"end":{"line":107,"column":5}}],"line":93},"18":{"loc":{"start":{"line":121,"column":11},"end":{"line":121,"column":22}},"type":"default-arg","locations":[{"start":{"line":121,"column":20},"end":{"line":121,"column":22}}],"line":121},"19":{"loc":{"start":{"line":121,"column":24},"end":{"line":121,"column":33}},"type":"default-arg","locations":[{"start":{"line":121,"column":31},"end":{"line":121,"column":33}}],"line":121},"20":{"loc":{"start":{"line":132,"column":4},"end":{"line":139,"column":5}},"type":"if","locations":[{"start":{"line":132,"column":4},"end":{"line":139,"column":5}},{"start":{"line":135,"column":11},"end":{"line":139,"column":5}}],"line":132},"21":{"loc":{"start":{"line":199,"column":12},"end":{"line":199,"column":24}},"type":"default-arg","locations":[{"start":{"line":199,"column":22},"end":{"line":199,"column":24}}],"line":199},"22":{"loc":{"start":{"line":267,"column":6},"end":{"line":283,"column":7}},"type":"if","locations":[{"start":{"line":267,"column":6},"end":{"line":283,"column":7}},{"start":{"line":275,"column":11},"end":{"line":283,"column":7}}],"line":267},"23":{"loc":{"start":{"line":342,"column":16},"end":{"line":344,"column":17}},"type":"if","locations":[{"start":{"line":342,"column":16},"end":{"line":344,"column":17}},{"start":{},"end":{}}],"line":342},"24":{"loc":{"start":{"line":346,"column":16},"end":{"line":364,"column":17}},"type":"if","locations":[{"start":{"line":346,"column":16},"end":{"line":364,"column":17}},{"start":{"line":350,"column":22},"end":{"line":364,"column":17}}],"line":346},"25":{"loc":{"start":{"line":346,"column":19},"end":{"line":347,"column":112}},"type":"binary-expr","locations":[{"start":{"line":346,"column":19},"end":{"line":346,"column":110}},{"start":{"line":347,"column":21},"end":{"line":347,"column":112}}],"line":346},"26":{"loc":{"start":{"line":350,"column":22},"end":{"line":364,"column":17}},"type":"if","locations":[{"start":{"line":350,"column":22},"end":{"line":364,"column":17}},{"start":{"line":356,"column":22},"end":{"line":364,"column":17}}],"line":350},"27":{"loc":{"start":{"line":350,"column":25},"end":{"line":353,"column":113}},"type":"binary-expr","locations":[{"start":{"line":350,"column":26},"end":{"line":350,"column":117}},{"start":{"line":351,"column":21},"end":{"line":351,"column":112}},{"start":{"line":352,"column":22},"end":{"line":352,"column":113}},{"start":{"line":353,"column":21},"end":{"line":353,"column":112}}],"line":350},"28":{"loc":{"start":{"line":356,"column":22},"end":{"line":364,"column":17}},"type":"if","locations":[{"start":{"line":356,"column":22},"end":{"line":364,"column":17}},{"start":{},"end":{}}],"line":356},"29":{"loc":{"start":{"line":356,"column":25},"end":{"line":361,"column":143}},"type":"binary-expr","locations":[{"start":{"line":356,"column":26},"end":{"line":356,"column":87}},{"start":{"line":357,"column":22},"end":{"line":357,"column":141}},{"start":{"line":358,"column":22},"end":{"line":358,"column":83}},{"start":{"line":359,"column":22},"end":{"line":359,"column":141}},{"start":{"line":360,"column":22},"end":{"line":360,"column":84}},{"start":{"line":361,"column":22},"end":{"line":361,"column":142}}],"line":356},"30":{"loc":{"start":{"line":370,"column":16},"end":{"line":377,"column":17}},"type":"if","locations":[{"start":{"line":370,"column":16},"end":{"line":377,"column":17}},{"start":{"line":375,"column":21},"end":{"line":377,"column":17}}],"line":370},"31":{"loc":{"start":{"line":380,"column":16},"end":{"line":383,"column":17}},"type":"if","locations":[{"start":{"line":380,"column":16},"end":{"line":383,"column":17}},{"start":{},"end":{}}],"line":380}},"s":{"0":1,"1":1,"2":1,"3":1,"4":1,"5":1,"6":0,"7":0,"8":0,"9":1,"10":2,"11":2,"12":2,"13":2,"14":2,"15":2,"16":2,"17":2,"18":2,"19":0,"20":0,"21":2,"22":0,"23":1,"24":3,"25":3,"26":3,"27":3,"28":3,"29":3,"30":3,"31":3,"32":3,"33":3,"34":0,"35":0,"36":0,"37":1,"38":3,"39":3,"40":3,"41":3,"42":3,"43":3,"44":3,"45":3,"46":3,"47":3,"48":3,"49":0,"50":0,"51":0,"52":0,"53":1,"54":2,"55":2,"56":2,"57":2,"58":0,"59":1,"60":2,"61":2,"62":2,"63":0,"64":1,"65":2,"66":2,"67":2,"68":0,"69":1,"70":2,"71":2,"72":2,"73":0,"74":1,"75":2,"76":2,"77":2,"78":2,"79":2,"80":2,"81":0,"82":1,"83":2,"84":2,"85":2,"86":2,"87":2,"88":0,"89":1,"90":2,"91":2,"92":2,"93":2,"94":2,"95":0,"96":1,"97":1,"98":1,"99":1,"100":1,"101":1,"102":1,"103":1,"104":5,"105":5,"106":5,"107":5,"108":5,"109":5,"110":5,"111":5,"112":0,"113":0,"114":0,"115":1,"116":0,"117":1,"118":1,"119":1,"120":1,"121":1,"122":1,"123":1,"124":1,"125":1,"126":1,"127":5,"128":5,"129":5,"130":5,"131":5,"132":5,"133":1,"134":1,"135":1,"136":5,"137":5,"138":5,"139":11,"140":11,"141":11,"142":11,"143":11,"144":11,"145":11,"146":11,"147":11,"148":11,"149":11,"150":7,"151":11,"152":11,"153":1,"154":1,"155":10,"156":3,"157":3,"158":7,"159":3,"160":3,"161":5,"162":5,"163":5,"164":16,"165":16,"166":12,"167":4,"168":5,"169":5,"170":1,"171":1,"172":0,"173":1,"174":0,"175":0,"176":0,"177":0,"178":0,"179":1,"180":0,"181":0,"182":0,"183":0,"184":0},"f":{"0":0,"1":2,"2":3,"3":3,"4":2,"5":2,"6":2,"7":2,"8":2,"9":2,"10":2,"11":1,"12":5,"13":1,"14":5,"15":1,"16":5,"17":11,"18":5,"19":16,"20":5,"21":1,"22":0,"23":0},"b":{"0":[1],"1":[1],"2":[1],"3":[1],"4":[1],"5":[2],"6":[2],"7":[1],"8":[0,2],"9":[3],"10":[3],"11":[3],"12":[3],"13":[3],"14":[3],"15":[3],"16":[3],"17":[3,0],"18":[3],"19":[3],"20":[3,0],"21":[2],"22":[5,0],"23":[7,4],"24":[1,10],"25":[11,2],"26":[3,7],"27":[10,1,9,9],"28":[3,4],"29":[7,3,7,0,7,4],"30":[12,4],"31":[1,4]},"_coverageSchema":"1a1c01bbd47fc00a2c39e90264f33305004495a9","hash":"3dcf2dacf91e3f773978f4adf83037311bff13a0"}
}
