TN:
SF:db.js
FNF:0
FNH:0
DA:2,1
DA:4,1
LF:2
LH:2
BRF:0
BRH:0
end_of_record
TN:
SF:log.js
FN:3,(anonymous_0)
FN:6,(anonymous_1)
FN:9,(anonymous_2)
FN:12,(anonymous_3)
FN:17,writeFallback
FN:23,getTime
FN:32,writeLog
FNF:7
FNH:7
FNDA:1,(anonymous_0)
FNDA:206,(anonymous_1)
FNDA:1,(anonymous_2)
FNDA:1,(anonymous_3)
FNDA:409,writeFallback
FNDA:210,getTime
FNDA:209,writeLog
DA:2,2
DA:4,1
DA:7,206
DA:10,1
DA:13,1
DA:18,409
DA:19,1
DA:24,210
DA:25,210
DA:26,210
DA:27,210
DA:28,210
DA:29,210
DA:30,210
DA:33,209
DA:34,209
DA:35,209
DA:36,209
DA:37,209
LF:19
LH:19
BRDA:18,0,0,1
BRDA:18,0,1,408
BRDA:25,1,0,0
BRDA:25,1,1,210
BRDA:26,2,0,0
BRDA:26,2,1,210
BRDA:27,3,0,0
BRDA:27,3,1,210
BRDA:28,4,0,0
BRDA:28,4,1,210
BRDA:28,5,0,0
BRDA:28,5,1,0
BRDA:34,6,0,64
BRDA:34,6,1,145
BRDA:35,7,0,206
BRDA:35,7,1,3
BRF:16
BRH:10
end_of_record
TN:
SF:main.js
FN:33,(anonymous_0)
FN:44,(anonymous_1)
FN:77,(anonymous_2)
FN:117,(anonymous_3)
FN:146,(anonymous_4)
FN:162,(anonymous_5)
FN:174,(anonymous_6)
FN:185,(anonymous_7)
FN:196,(anonymous_8)
FN:215,(anonymous_9)
FN:232,(anonymous_10)
FN:250,(anonymous_11)
FN:260,(anonymous_12)
FN:293,(anonymous_13)
FN:305,(anonymous_14)
FN:320,(anonymous_15)
FN:323,(anonymous_16)
FN:326,(anonymous_17)
FN:365,(anonymous_18)
FN:368,(anonymous_19)
FN:378,(anonymous_20)
FN:386,(anonymous_21)
FN:397,(anonymous_22)
FN:410,(anonymous_23)
FNF:24
FNH:21
FNDA:0,(anonymous_0)
FNDA:2,(anonymous_1)
FNDA:3,(anonymous_2)
FNDA:3,(anonymous_3)
FNDA:2,(anonymous_4)
FNDA:2,(anonymous_5)
FNDA:2,(anonymous_6)
FNDA:2,(anonymous_7)
FNDA:2,(anonymous_8)
FNDA:2,(anonymous_9)
FNDA:2,(anonymous_10)
FNDA:1,(anonymous_11)
FNDA:5,(anonymous_12)
FNDA:1,(anonymous_13)
FNDA:5,(anonymous_14)
FNDA:1,(anonymous_15)
FNDA:5,(anonymous_16)
FNDA:11,(anonymous_17)
FNDA:4,(anonymous_18)
FNDA:12,(anonymous_19)
FNDA:4,(anonymous_20)
FNDA:1,(anonymous_21)
FNDA:0,(anonymous_22)
FNDA:0,(anonymous_23)
DA:2,1
DA:4,1
DA:12,1
DA:14,1
DA:29,1
DA:33,1
DA:34,0
DA:35,0
DA:37,0
DA:44,1
DA:45,2
DA:46,2
DA:47,2
DA:48,2
DA:49,2
DA:50,2
DA:52,2
DA:54,2
DA:59,2
DA:61,0
DA:66,0
DA:68,2
DA:73,0
DA:77,1
DA:78,3
DA:79,3
DA:80,3
DA:84,3
DA:85,3
DA:86,3
DA:88,3
DA:93,3
DA:94,3
DA:98,3
DA:101,0
DA:106,0
DA:111,0
DA:117,1
DA:118,3
DA:119,3
DA:120,3
DA:121,3
DA:122,3
DA:124,3
DA:125,3
DA:127,3
DA:132,3
DA:133,3
DA:134,3
DA:136,0
DA:137,0
DA:138,0
DA:141,0
DA:146,1
DA:147,2
DA:148,2
DA:149,2
DA:154,2
DA:156,0
DA:162,1
DA:163,2
DA:164,2
DA:166,2
DA:168,0
DA:174,1
DA:175,2
DA:176,2
DA:178,2
DA:180,0
DA:185,1
DA:186,2
DA:187,2
DA:189,2
DA:191,0
DA:196,1
DA:197,2
DA:198,2
DA:199,2
DA:201,2
DA:203,2
DA:208,2
DA:210,0
DA:215,1
DA:216,2
DA:217,2
DA:218,2
DA:220,2
DA:225,2
DA:227,0
DA:232,1
DA:233,2
DA:234,2
DA:235,2
DA:237,2
DA:242,2
DA:244,0
DA:250,1
DA:251,1
DA:252,1
DA:254,1
DA:255,1
DA:256,1
DA:259,1
DA:260,1
DA:261,5
DA:262,5
DA:263,5
DA:267,5
DA:268,5
DA:269,5
DA:270,5
DA:274,5
DA:276,0
DA:278,0
DA:282,0
DA:285,1
DA:287,0
DA:293,1
DA:294,1
DA:297,1
DA:299,1
DA:300,1
DA:301,1
DA:302,1
DA:303,1
DA:304,1
DA:305,1
DA:306,5
DA:307,5
DA:308,5
DA:312,5
DA:313,5
DA:317,5
DA:321,1
DA:322,1
DA:323,1
DA:324,5
DA:325,5
DA:326,5
DA:327,11
DA:328,11
DA:329,11
DA:333,10
DA:334,10
DA:335,10
DA:338,10
DA:339,10
DA:340,10
DA:341,10
DA:342,10
DA:343,7
DA:345,10
DA:346,10
DA:348,0
DA:349,0
DA:350,10
DA:354,2
DA:355,2
DA:356,8
DA:362,3
DA:363,3
DA:366,4
DA:367,4
DA:368,4
DA:369,12
DA:370,12
DA:371,9
DA:376,3
DA:379,4
DA:380,4
DA:381,1
DA:382,1
DA:390,0
DA:397,1
DA:398,0
DA:399,0
DA:400,0
DA:402,0
DA:404,0
DA:410,1
DA:411,0
DA:412,0
DA:413,0
DA:418,0
DA:420,0
LF:185
LH:148
BRDA:47,0,0,1
BRDA:47,1,0,1
BRDA:47,2,0,1
BRDA:47,3,0,1
BRDA:47,4,0,1
BRDA:47,5,0,2
BRDA:47,6,0,2
BRDA:47,7,0,1
BRDA:59,8,0,0
BRDA:59,8,1,2
BRDA:79,9,0,3
BRDA:79,10,0,3
BRDA:79,11,0,3
BRDA:79,12,0,3
BRDA:79,13,0,3
BRDA:79,14,0,3
BRDA:79,15,0,3
BRDA:79,16,0,3
BRDA:93,17,0,3
BRDA:93,17,1,0
BRDA:121,18,0,3
BRDA:121,19,0,3
BRDA:132,20,0,3
BRDA:132,20,1,0
BRDA:199,21,0,2
BRDA:267,22,0,5
BRDA:267,22,1,0
BRDA:342,23,0,7
BRDA:342,23,1,3
BRDA:346,24,0,0
BRDA:346,24,1,10
BRDA:346,25,0,10
BRDA:346,25,1,0
BRDA:350,26,0,2
BRDA:350,26,1,8
BRDA:350,27,0,10
BRDA:350,27,1,0
BRDA:350,27,2,10
BRDA:350,27,3,10
BRDA:356,28,0,3
BRDA:356,28,1,5
BRDA:356,29,0,8
BRDA:356,29,1,3
BRDA:356,29,2,8
BRDA:356,29,3,0
BRDA:356,29,4,8
BRDA:356,29,5,5
BRDA:370,30,0,9
BRDA:370,30,1,3
BRDA:380,31,0,1
BRDA:380,31,1,3
BRF:51
BRH:43
end_of_record
