TN:
SF:db.js
FNF:0
FNH:0
DA:2,1
DA:4,1
LF:2
LH:2
BRF:0
BRH:0
end_of_record
TN:
SF:log.js
FN:3,(anonymous_0)
FN:6,(anonymous_1)
FN:9,(anonymous_2)
FN:12,(anonymous_3)
FN:18,getTime
FN:27,writeLog
FN:31,(anonymous_6)
FN:36,(anonymous_7)
FNF:8
FNH:8
FNDA:1,(anonymous_0)
FNDA:3,(anonymous_1)
FNDA:1,(anonymous_2)
FNDA:1,(anonymous_3)
FNDA:6,getTime
FNDA:6,writeLog
FNDA:2,(anonymous_6)
FNDA:2,(anonymous_7)
DA:2,2
DA:4,1
DA:7,3
DA:10,1
DA:13,1
DA:19,6
DA:20,6
DA:21,6
DA:22,6
DA:23,6
DA:24,6
DA:25,6
DA:28,6
DA:29,6
DA:30,6
DA:31,6
DA:32,2
DA:33,0
DA:36,6
DA:37,2
DA:38,0
LF:21
LH:19
BRDA:20,0,0,0
BRDA:20,0,1,6
BRDA:21,1,0,0
BRDA:21,1,1,6
BRDA:22,2,0,6
BRDA:22,2,1,0
BRDA:23,3,0,0
BRDA:23,3,1,6
BRDA:23,4,0,0
BRDA:23,4,1,0
BRDA:29,5,0,4
BRDA:29,5,1,2
BRDA:30,6,0,4
BRDA:30,6,1,2
BRDA:32,7,0,0
BRDA:32,7,1,2
BRDA:37,8,0,0
BRDA:37,8,1,2
BRF:18
BRH:10
end_of_record
TN:
SF:main.js
FN:33,(anonymous_0)
FN:44,(anonymous_1)
FN:79,(anonymous_2)
FN:119,(anonymous_3)
FN:148,(anonymous_4)
FN:164,(anonymous_5)
FN:176,(anonymous_6)
FN:187,(anonymous_7)
FN:198,(anonymous_8)
FN:217,(anonymous_9)
FN:234,(anonymous_10)
FN:252,(anonymous_11)
FN:261,(anonymous_12)
FN:298,(anonymous_13)
FN:311,(anonymous_14)
FN:329,(anonymous_15)
FN:333,(anonymous_16)
FN:336,(anonymous_17)
FN:388,(anonymous_18)
FN:392,(anonymous_19)
FN:400,(anonymous_20)
FN:409,(anonymous_21)
FN:421,(anonymous_22)
FN:434,(anonymous_23)
FNF:24
FNH:2
FNDA:2,(anonymous_0)
FNDA:2,(anonymous_1)
FNDA:0,(anonymous_2)
FNDA:0,(anonymous_3)
FNDA:0,(anonymous_4)
FNDA:0,(anonymous_5)
FNDA:0,(anonymous_6)
FNDA:0,(anonymous_7)
FNDA:0,(anonymous_8)
FNDA:0,(anonymous_9)
FNDA:0,(anonymous_10)
FNDA:0,(anonymous_11)
FNDA:0,(anonymous_12)
FNDA:0,(anonymous_13)
FNDA:0,(anonymous_14)
FNDA:0,(anonymous_15)
FNDA:0,(anonymous_16)
FNDA:0,(anonymous_17)
FNDA:0,(anonymous_18)
FNDA:0,(anonymous_19)
FNDA:0,(anonymous_20)
FNDA:0,(anonymous_21)
FNDA:0,(anonymous_22)
FNDA:0,(anonymous_23)
DA:2,1
DA:4,1
DA:12,1
DA:14,1
DA:29,1
DA:33,1
DA:34,2
DA:35,2
DA:37,0
DA:44,1
DA:45,2
DA:46,2
DA:47,2
DA:48,2
DA:49,2
DA:50,2
DA:52,2
DA:53,2
DA:54,2
DA:56,2
DA:61,2
DA:63,0
DA:68,0
DA:70,2
DA:75,0
DA:79,1
DA:80,0
DA:81,0
DA:82,0
DA:86,0
DA:87,0
DA:88,0
DA:90,0
DA:95,0
DA:96,0
DA:100,0
DA:103,0
DA:108,0
DA:113,0
DA:119,1
DA:120,0
DA:121,0
DA:122,0
DA:123,0
DA:124,0
DA:126,0
DA:127,0
DA:129,0
DA:134,0
DA:135,0
DA:136,0
DA:138,0
DA:139,0
DA:140,0
DA:143,0
DA:148,1
DA:149,0
DA:150,0
DA:151,0
DA:156,0
DA:158,0
DA:164,1
DA:165,0
DA:166,0
DA:168,0
DA:170,0
DA:176,1
DA:177,0
DA:178,0
DA:180,0
DA:182,0
DA:187,1
DA:188,0
DA:189,0
DA:191,0
DA:193,0
DA:198,1
DA:199,0
DA:200,0
DA:201,0
DA:203,0
DA:205,0
DA:210,0
DA:212,0
DA:217,1
DA:218,0
DA:219,0
DA:220,0
DA:222,0
DA:227,0
DA:229,0
DA:234,1
DA:235,0
DA:236,0
DA:237,0
DA:239,0
DA:244,0
DA:246,0
DA:252,1
DA:253,0
DA:255,0
DA:257,0
DA:258,0
DA:260,0
DA:261,0
DA:262,0
DA:263,0
DA:265,0
DA:270,0
DA:271,0
DA:272,0
DA:273,0
DA:277,0
DA:280,0
DA:282,0
DA:286,0
DA:289,0
DA:292,0
DA:298,1
DA:299,0
DA:303,0
DA:305,0
DA:306,0
DA:307,0
DA:308,0
DA:309,0
DA:311,0
DA:312,0
DA:313,0
DA:315,0
DA:319,0
DA:321,0
DA:325,0
DA:330,0
DA:331,0
DA:333,0
DA:334,0
DA:335,0
DA:336,0
DA:337,0
DA:338,0
DA:340,0
DA:345,0
DA:346,0
DA:347,0
DA:351,0
DA:352,0
DA:353,0
DA:354,0
DA:355,0
DA:356,0
DA:359,0
DA:361,0
DA:364,0
DA:365,0
DA:368,0
DA:373,0
DA:374,0
DA:376,0
DA:383,0
DA:384,0
DA:389,0
DA:390,0
DA:392,0
DA:393,0
DA:395,0
DA:401,0
DA:402,0
DA:403,0
DA:404,0
DA:414,0
DA:421,1
DA:422,0
DA:423,0
DA:424,0
DA:426,0
DA:428,0
DA:434,1
DA:435,0
DA:436,0
DA:437,0
DA:442,0
DA:444,0
LF:183
LH:34
BRDA:47,0,0,2
BRDA:47,1,0,2
BRDA:47,2,0,2
BRDA:47,3,0,2
BRDA:47,4,0,2
BRDA:47,5,0,2
BRDA:47,6,0,2
BRDA:47,7,0,2
BRDA:61,8,0,0
BRDA:61,8,1,2
BRDA:81,9,0,0
BRDA:81,10,0,0
BRDA:81,11,0,0
BRDA:81,12,0,0
BRDA:81,13,0,0
BRDA:81,14,0,0
BRDA:81,15,0,0
BRDA:81,16,0,0
BRDA:95,17,0,0
BRDA:95,17,1,0
BRDA:134,18,0,0
BRDA:134,18,1,0
BRDA:270,19,0,0
BRDA:270,19,1,0
BRDA:355,20,0,0
BRDA:355,20,1,0
BRDA:361,21,0,0
BRDA:361,21,1,0
BRDA:361,22,0,0
BRDA:361,22,1,0
BRDA:368,23,0,0
BRDA:368,23,1,0
BRDA:368,24,0,0
BRDA:368,24,1,0
BRDA:368,24,2,0
BRDA:368,24,3,0
BRDA:376,25,0,0
BRDA:376,25,1,0
BRDA:376,26,0,0
BRDA:376,26,1,0
BRDA:376,26,2,0
BRDA:376,26,3,0
BRDA:376,26,4,0
BRDA:376,26,5,0
BRDA:402,27,0,0
BRDA:402,27,1,0
BRF:46
BRH:9
end_of_record
